Job ModelCatalyst-8BindtoN-4-TS-fine-grid-uf-acc-sol_3 started on tethys at Wed Jan 25 21:26:00 2017
jobid: tethys-0-588917e7

  +--------------------------------------------------------------------+
  |  Jaguar version 8.4, release  16                                   |
  |                                                                    |
  |  Copyright Schrodinger, Inc.                                       |
  |  All Rights Reserved.                                              |
  |                                                                    |
  |  The following have contributed to Jaguar (listed alphabetically): |
  |  Mike Beachy, Art Bochevarov, Dale Braden, Yixiang Cao,            |
  |  Chris Cortis, Rich Friesner, Bill Goddard, Hod Greeley,           |
  |  Tom Hughes, Jean-Marc Langlois, Daniel Mainz, Rob Murphy,         |
  |  Dean Philipp, Tom Pollard, Murco Ringnalda.                       |
  |                                                                    |
  |  Use of this program should be acknowledged in publications as:    |
  |                                                                    |
  |  Jaguar, version 8.4, Schrodinger, Inc., New York, NY, 2013.       |
  |                                                                    |
  |  A. D. Bochevarov, E. Harder, T. F. Hughes, J. R. Greenwood,       |
  |  D. A. Braden, D. M. Philipp, D. Rinaldo, M. D. Halls,             |
  |  J. Zhang, R. A. Friesner, "Jaguar: A High-Performance Quantum     |
  |  Chemistry Software Program with Strengths in Life and Materials   |
  |  Sciences", Int. J. Quantum Chem., 2013, 113(18), 2110-2142.       |
  +--------------------------------------------------------------------+
  
  start of program pre
  
  Job name: ModelCatalyst-8BindtoN-4-TS-fine-grid-uf-acc-sol_3
  Executables used: /usr/local/shared/schrodinger/current/jaguar-v84016/bin/Linux-x86_64
  Temporary files : /home/ab2144/.schrodinger/tmp/ModelCatalyst-8BindtoN-4-TS-fine-grid-uf-acc-sol_3
  Maestro file (input):  ModelCatalyst-8BindtoN-4-TS-fine-grid-uf-acc-sol_3.mae
  Maestro file (output): ModelCatalyst-8BindtoN-4-TS-fine-grid-uf-acc-sol_3.01.mae
  
  
  basis set:             6-31g**         
  net molecular charge:    0
  multiplicity:            1
  
  keygrid settings 
    wispc.....   7.500E-01
    ldens.....   0
    denspc....   7.500E-01
  
   grid     daf set  nls  grid set  Q type
  ------    -------  ---  --------  ------
  coarse       1      1       1        1
  medium       2      2       2        1
  fine         3      2       3        0
  ultrafine    4      2       4        1
  charge       0      1      -1        1
  gradient     5      2       4        1
  density      0      1       0        0
  DFT-fine     0      1     -13        0
  DFT-med.     0      1     -13        0
  DFT-grad     0      1     -13        0
  DFT-der2     0      1       0        0
  DFT-cphf     0      1       0        0
  LMP2-enrg    4      2       4        1
  LMP2-grad    5      2       2        1
  DFT-cphf2    0      1       0        0
  PBF-dens     0      1       0        0
  plotting     0      1       0        0
  
  idftgrdm  100
  ndftgrdm   50    0    0
  idftgrdf  111
  ndftgrdf   85    0    0
  idftgrdg  111
  ndftgrdg   80    3    0
  idftgrdu  433
  ndftgrdu  105    0    0
  idftgrdd  433
  ndftgrdd  105    0    0
  idftgrdc  433
  ndftgrdc   26    0    0
  idftgrdp  433
  ndftgrdp   18    0    0
  
  number of basis functions....          682
  
 Input geometry:
                                   angstroms
  atom               x                 y                 z
  C1            4.9927000000     -1.6171000000      0.0893000000 
  C2            5.8200000000     -0.5768000000     -0.1297000000 
  C3            5.1066000000      0.5663000000     -0.7173000000 
  C4            4.4289000000      0.2014000000     -1.8159000000 
  H5            6.8294000000     -0.6029000000      0.2700000000 
  H6            5.2837000000     -2.5231000000      0.6120000000 
  H7            4.8080000000     -0.5332000000     -2.5232000000 
  H8            4.6965000000      1.3210000000     -0.0514000000 
  O9            3.6461000000     -1.7078000000     -0.2469000000 
  P10           2.4108000000     -0.8099000000     -0.8745000000 
  O11           3.0372000000      0.3509000000     -1.8731000000 
  O12           1.5987000000     -1.7657000000     -1.7110000000 
  N13           1.4995000000     -0.1695000000      0.3013000000 
  S14           1.9542000000      0.6097000000      1.6352000000 
  O15           0.9488000000      0.3909000000      2.6787000000 
  O16           3.3798000000      0.4726000000      1.9658000000 
  C17           1.7474000000      2.4095000000      1.1675000000 
  F18           2.0584000000      3.1786000000      2.2163000000 
  F19           2.5529000000      2.7276000000      0.1453000000 
  F20           0.4796000000      2.6645000000      0.8121000000 
  H21          -0.4336000000     -0.0803000000     -0.1985000000 
  C22          -2.3044000000     -1.1847000000     -0.4119000000 
  N23          -1.3977000000     -0.0626000000     -0.5645000000 
  S24          -1.6606000000      1.0767000000     -1.7471000000 
  O25          -0.3748000000      1.6983000000     -2.0570000000 
  O26          -2.4888000000      0.4507000000     -2.7900000000 
  C27          -4.2780000000      4.1337000000      0.2951000000 
  C28          -4.6607000000      2.8068000000      0.0829000000 
  N29          -3.8776000000      1.9093000000     -0.5249000000 
  C30          -2.6830000000      2.3323000000     -0.9287000000 
  C31          -2.1843000000      3.6216000000     -0.7670000000 
  C32          -3.0183000000      4.5452000000     -0.1356000000 
  H33          -4.9545000000      4.8215000000      0.7915000000 
  H34          -5.6331000000      2.4500000000      0.4140000000 
  H35          -1.1885000000      3.8696000000     -1.1119000000 
  H36          -2.6856000000      5.5669000000      0.0191000000 
  C37          -2.5557000000     -2.8185000000      3.5855000000 
  C38          -1.3207000000     -2.4025000000      3.0894000000 
  C39          -1.2168000000     -1.8713000000      1.8025000000 
  C40          -2.3569000000     -1.7380000000      1.0031000000 
  C41          -3.5983000000     -2.1418000000      1.5151000000 
  C42          -3.6986000000     -2.6851000000      2.7949000000 
  H43          -2.6316000000     -3.2285000000      4.5884000000 
  H44          -0.4295000000     -2.4699000000      3.7050000000 
  H45          -0.2486000000     -1.5291000000      1.4559000000 
  H46          -4.4962000000     -2.0148000000      0.9144000000 
  H47          -4.6688000000     -2.9870000000      3.1788000000 
  H48          -3.3027000000     -0.8290000000     -0.6774000000 
  C49          -0.7171000000     -4.1531000000     -1.2614000000 
  C50          -2.0838000000     -4.6172000000     -1.2856000000 
  C51          -2.8598000000     -3.5166000000     -1.4361000000 
  C52          -1.9967000000     -2.3071000000     -1.4984000000 
  H53           0.1869000000     -4.7458000000     -1.1716000000 
  H54          -2.3932000000     -5.6492000000     -1.1981000000 
  H55          -3.9399000000     -3.4824000000     -1.4938000000 
  H56          -2.0902000000     -1.7836000000     -2.4612000000 
  N57          -0.6564000000     -2.8599000000     -1.3841000000 
  H58           0.2915000000     -2.3042000000     -1.4718000000 
   
  principal moments of inertia:
        amu*angstrom^2:     4512.84456     6148.66844     7646.64879
                g*cm^2: 7.49375377E-37 1.02101029E-36 1.26975575E-36
   
  rotational constants:
               cm^(-1):      0.00373548      0.00274167      0.00220458
                   GHz:      0.11198680      0.08219324      0.06609157
   
  Molecular weight:     592.05 amu
   
  Stoichiometry: C21PN4H20S2O7F3
  Molecular Point Group: C1      
  Point Group used: C1
  
  nuclear repulsion energy.......    5609.982862500 hartrees
 
 Non-default options chosen:
   SCF calculation type: DFT(m06-2x)                 
   DFT=M06-2X
   Solvation energy will be computed using PBF
     -solute cavity energy will not be included
     -surface area terms will not be included
   Highest accuracy cutoffs used in SCF
   Solvent: other                                                           
   Internal dielectric constant:    1.000
   Continuum dielectric constant:   2.380
   Solvent probe molecule radius:   2.760
  
 Temporary integer options set:
     73=  2
  
   Fixing number of canonical orbitals to remain constant.
   Number of canonical orbitals to use:   681
  
  atom       vdw   vdw2    cov     mass  grid  daf  charge   basis
  C1        1.949  1.900  0.770   12.000    Y    Y      Y    6-31g**
  C2        1.949  1.900  0.770   12.000    Y    Y      Y    6-31g**
  C3        1.949  1.900  0.770   12.000    Y    Y      Y    6-31g**
  C4        1.949  1.900  0.770   12.000    Y    Y      Y    6-31g**
  H5        1.597  1.150  0.320    1.008    Y    Y      Y    6-31g**
  H6        1.597  1.150  0.320    1.008    Y    Y      Y    6-31g**
  H7        1.597  1.150  0.320    1.008    Y    Y      Y    6-31g**
  H8        1.597  1.150  0.320    1.008    Y    Y      Y    6-31g**
  O9        1.702  1.600  0.730   15.995    Y    Y      Y    6-31g**
  P10       2.147  2.074  1.060   30.974    Y    Y      Y    6-31g**
  O11       1.702  1.600  0.730   15.995    Y    Y      Y    6-31g**
  O12       1.702  1.600  0.730   15.995    Y    Y      Y    6-31g**
  N13       1.831  1.600  0.750   14.003    Y    Y      Y    6-31g**
  S14       2.070  1.900  1.020   31.972    Y    Y      Y    6-31g**
  O15       1.702  1.600  0.730   15.995    Y    Y      Y    6-31g**
  O16       1.702  1.600  0.730   15.995    Y    Y      Y    6-31g**
  C17       1.949  1.900  0.770   12.000    Y    Y      Y    6-31g**
  F18       1.736  1.682  0.720   18.998    Y    Y      Y    6-31g**
  F19       1.736  1.682  0.720   18.998    Y    Y      Y    6-31g**
  F20       1.736  1.682  0.720   18.998    Y    Y      Y    6-31g**
  H21       1.597  1.150  0.320    1.008    Y    Y      Y    6-31g**
  C22       1.949  1.900  0.770   12.000    Y    Y      Y    6-31g**
  N23       1.831  1.600  0.750   14.003    Y    Y      Y    6-31g**
  S24       2.070  1.900  1.020   31.972    Y    Y      Y    6-31g**
  O25       1.702  1.600  0.730   15.995    Y    Y      Y    6-31g**
  O26       1.702  1.600  0.730   15.995    Y    Y      Y    6-31g**
  C27       1.949  1.900  0.770   12.000    Y    Y      Y    6-31g**
  C28       1.949  1.900  0.770   12.000    Y    Y      Y    6-31g**
  N29       1.831  1.600  0.750   14.003    Y    Y      Y    6-31g**
  C30       1.949  1.900  0.770   12.000    Y    Y      Y    6-31g**
  C31       1.949  1.900  0.770   12.000    Y    Y      Y    6-31g**
  C32       1.949  1.900  0.770   12.000    Y    Y      Y    6-31g**
  H33       1.597  1.150  0.320    1.008    Y    Y      Y    6-31g**
  H34       1.597  1.150  0.320    1.008    Y    Y      Y    6-31g**
  H35       1.597  1.150  0.320    1.008    Y    Y      Y    6-31g**
  H36       1.597  1.150  0.320    1.008    Y    Y      Y    6-31g**
  C37       1.949  1.900  0.770   12.000    Y    Y      Y    6-31g**
  C38       1.949  1.900  0.770   12.000    Y    Y      Y    6-31g**
  C39       1.949  1.900  0.770   12.000    Y    Y      Y    6-31g**
  C40       1.949  1.900  0.770   12.000    Y    Y      Y    6-31g**
  C41       1.949  1.900  0.770   12.000    Y    Y      Y    6-31g**
  C42       1.949  1.900  0.770   12.000    Y    Y      Y    6-31g**
  H43       1.597  1.150  0.320    1.008    Y    Y      Y    6-31g**
  H44       1.597  1.150  0.320    1.008    Y    Y      Y    6-31g**
  H45       1.597  1.150  0.320    1.008    Y    Y      Y    6-31g**
  H46       1.597  1.150  0.320    1.008    Y    Y      Y    6-31g**
  H47       1.597  1.150  0.320    1.008    Y    Y      Y    6-31g**
  H48       1.597  1.150  0.320    1.008    Y    Y      Y    6-31g**
  C49       1.949  1.900  0.770   12.000    Y    Y      Y    6-31g**
  C50       1.949  1.900  0.770   12.000    Y    Y      Y    6-31g**
  C51       1.949  1.900  0.770   12.000    Y    Y      Y    6-31g**
  C52       1.949  1.900  0.770   12.000    Y    Y      Y    6-31g**
  H53       1.597  1.150  0.320    1.008    Y    Y      Y    6-31g**
  H54       1.597  1.150  0.320    1.008    Y    Y      Y    6-31g**
  H55       1.597  1.150  0.320    1.008    Y    Y      Y    6-31g**
  H56       1.597  1.150  0.320    1.008    Y    Y      Y    6-31g**
  N57       1.831  1.600  0.750   14.003    Y    Y      Y    6-31g**
  H58       1.597  1.150  0.320    1.008    Y    Y      Y    6-31g**
  
  Peak memory usage:    514 Mb
  
  end of program pre
   
 Time(pre)  user:        0.0  user+sys:        0.0  wallclock:        0.7
  
  start of program onee
  
  smallest eigenvalue of S:    4.345E-04
  Set cut 20/10 to   6.323661600585306E-004
  number of canonical orbitals.....          681
  Peak memory usage:    658 Mb
  
  end of program onee
   
 Time(onee)  user:        2.0  user+sys:        2.0  wallclock:        4.2
  
  start of program hfig
  
  initial wavefunction generated automatically from atomic wavefunctions
 
  Irreducible     Total no   No of occupied orbitals 
  representation  orbitals   Shell_1  Shell_2    ...
  No Symm          681        152
  ------------------------
  Orbital occupation/shell    1.000
 
  Peak memory usage:    599 Mb
  
  end of program hfig
   
 Time(hfig)  user:        2.0  user+sys:        2.0  wallclock:        4.7
  
  start of program probe
  
  Peak memory usage:    599 Mb
  
  end of program probe
   
 Time(probe)  user:        1.0  user+sys:        1.0  wallclock:        4.8
  
  start of program grid
  
  
   grid     grid set  grid #  grid sym
  ------    --------  ------  --------
  coarse        0        0        1
  medium        2        1        1
  fine          0        0        1
  ultrafine     4        2        1
  charge       -1        3        1
  gradient      4        2        1
  density       0        0        1
  DFT-fine    -13        4        1
  DFT-med.    -13        4        1
  DFT-grad    -13        4        1
  DFT-der2      0        0        1
  DFT-cphf      0        0        1
  LMP2-enrg     4        2        1
  LMP2-grad     2        1        1
  DFT-cphf2     0        0        1
  PBF-dens      0        0        1
  plotting      0        0        1
  
   
  number of gridpoints: 
     atom        C1       C2       C3       C4       H5       H6       H7
  grid # 1       91       94       95       94      117      117      115
  grid # 2      328      339      339      333      455      454      446
  grid # 3       14       13       44       38      456      435      384
  grid # 4    48350    48350    48350    48350    48788    48788    48788
   
  number of gridpoints: 
     atom        H8       O9      P10      O11      O12      N13      S14
  grid # 1      110      111      450      114      115      109      442
  grid # 2      432      443      450      455      447      396      442
  grid # 3      218       99        7      126      152       15       13
  grid # 4    48788    47970    38334    47970    47970    48272    48562
   
  number of gridpoints: 
     atom       O15      O16      C17      F18      F19      F20      H21
  grid # 1      121      121       90      537      523      521       98
  grid # 2      495      490      322      537      523      521      396
  grid # 3      215      202        7      328      182      124       53
  grid # 4    47970    47970    48350    47470    47470    47470    48788
   
  number of gridpoints: 
     atom       C22      N23      S24      O25      O26      C27      C28
  grid # 1       91       99      436      120      122       97       97
  grid # 2      314      351      436      487      491      331      340
  grid # 3        6       17       14      183      248       52       51
  grid # 4    48350    48272    48562    47970    47970    48350    48350
   
  number of gridpoints: 
     atom       N29      C30      C31      C32      H33      H34      H35
  grid # 1      113       98       96       97      118      118      113
  grid # 2      417      362      330      333      452      453      437
  grid # 3       99       36       38       47      427      440      258
  grid # 4    48272    48350    48350    48350    48788    48788    48788
   
  number of gridpoints: 
     atom       H36      C37      C38      C39      C40      C41      C42
  grid # 1      118       97       97       95      101       96       97
  grid # 2      453      333      334      334      366      335      332
  grid # 3      427       50       45       35       32       35       47
  grid # 4    48788    48350    48350    48350    48350    48350    48350
   
  number of gridpoints: 
     atom       H43      H44      H45      H46      H47      H48      C49
  grid # 1      118      116      106      112      118      104       93
  grid # 2      451      446      407      437      451      413      337
  grid # 3      423      366      101      259      418      120       34
  grid # 4    48788    48788    48788    48788    48788    48788    48350
   
  number of gridpoints: 
     atom       C50      C51      C52      H53      H54      H55      H56
  grid # 1       93       93       91      118      118      115      108
  grid # 2      332      331      311      452      460      451      426
  grid # 3       39       19        6      422      467      357      218
  grid # 4    48350    48350    48350    48788    48788    48788    48788
   
  number of gridpoints: 
     atom       N57      H58    total
  grid # 1       99       99     8402
  grid # 2      346      393    23508
  grid # 3       19       93     9073
  grid # 4    48272    48788  2797856
   
  Peak memory usage:    632 Mb
  
  end of program grid
   
 Time(grid)  user:      110.0  user+sys:      111.0  wallclock:      240.1
  
  start of program rwr
  
  Peak memory usage:    533 Mb
  
  end of program rwr
   
 Time(rwr)  user:       11.0  user+sys:       11.0  wallclock:       23.3
  
  start of program scf
  
 number of electrons..........        304
 number of alpha electrons....        152
 number of beta electrons.....        152
 number of orbitals, total....        681
 number of doubly-occ'd orbs..        152
 number of open shell orbs....          0
 number of occupied orbitals..        152
 number of virtual orbitals...        529
 number of hamiltonians.......          1
 number of shells.............          1
 SCF type: DFT=M06-2X
  
       i  u  d  i  g                   
       t  p  i  c  r                                 RMS    maximum
       e  d  i  u  i                       energy  density   DIIS  
       r  t  s  t  d       total energy    change  change    error 
  
etot    1  N  N  1  U   -2987.73992923752           4.9E-03  1.4E-01
etot    2  N  Y  1  U   -2990.61460298721  2.9E+00  5.4E-03  1.2E-01
etot    3  N  Y  1  U   -2990.14598050105 -4.7E-01  4.7E-03  1.5E-01
etot    4  N  Y  1  U   -2993.83105374245  3.7E+00  1.1E-03  4.3E-02
etot    5  N  Y  1  U   -2994.08168644156  2.5E-01  4.1E-04  2.1E-02
etot    6  N  Y  1  U   -2994.11365129846  3.2E-02  1.4E-04  1.0E-02
etot    7  N  Y  1  U   -2994.11890466909  5.3E-03  4.3E-05  2.9E-03
etot    8  N  Y  1  U   -2994.11946593604  5.6E-04  1.5E-05  3.2E-04
etot    9  N  N  1  U   -2994.11950869351  4.3E-05  0.0E+00  0.0E+00
  
  
 Energy components, in hartrees:
   (A)  Nuclear repulsion............    5609.98286249969
   (E)  Total one-electron terms.....  -15290.87605839917
   (F)    Electron-nuclear...........  -18265.34676780309
   (H)    Kinetic....................    2974.47070940392
   (I)  Total two-electron terms.....    6686.77368720597
   (J)    Coulomb....................    7001.40947985333
   (K)    Exchange+Correlation.......    -314.63579264736
   (L)  Electronic energy............   -8604.10237119320  (E+I)
   (M)  -V/T.........................       2.00660581368  (-(A+F+I)/H)
   (N)  Total energy.................   -2994.11950869351  (A+L)
  
 SCFE: SCF energy: DFT(m06-2x)     -2994.11950869351 hartrees   iterations:   9
  
 
 HOMO energy:    -0.27800
 LUMO energy:    -0.07247
 
  Orbital energies (hartrees): 
   -90.16036   -90.14641   -78.21951   -25.28509   -25.28461   -25.28281
   -19.68401   -19.67499   -19.64112   -19.63617   -19.62232   -19.61626
   -19.61474   -14.85276   -14.79275   -14.78801   -14.74693   -10.79932
   -10.67001   -10.63527   -10.63329   -10.62537   -10.62379   -10.62247
   -10.61054   -10.60849   -10.60236   -10.59030   -10.58264   -10.58224
   -10.57168   -10.56299   -10.55942   -10.55675   -10.55396   -10.55293
   -10.55230   -10.54159    -8.46985    -8.45523    -6.99707    -6.39207
    -6.39144    -6.39041    -6.37718    -6.37665    -6.37649    -5.11583
    -5.11455    -5.11303    -1.45019    -1.35972    -1.35897    -1.23325
    -1.21540    -1.20443    -1.16059    -1.14565    -1.12050    -1.09935
    -1.09868    -1.07911    -1.04224    -0.98019    -0.96380    -0.93767
    -0.92375    -0.91068    -0.90525    -0.88661    -0.85809    -0.84447
    -0.82469    -0.81434    -0.79530    -0.76606    -0.76225    -0.73692
    -0.72465    -0.71756    -0.71226    -0.69864    -0.69052    -0.68549
    -0.67723    -0.67548    -0.66899    -0.66302    -0.65581    -0.63382
    -0.61711    -0.61390    -0.59364    -0.58797    -0.58302    -0.57821
    -0.57441    -0.57386    -0.56703    -0.55955    -0.55754    -0.55443
    -0.54978    -0.53998    -0.53426    -0.52758    -0.52494    -0.52261
    -0.52142    -0.51822    -0.51547    -0.51168    -0.51092    -0.50377
    -0.50303    -0.49735    -0.49463    -0.49318    -0.49095    -0.48947
    -0.48751    -0.47235    -0.46433    -0.45973    -0.45516    -0.45341
    -0.43406    -0.42450    -0.41478    -0.41359    -0.41159    -0.40586
    -0.39856    -0.39534    -0.39492    -0.38646    -0.38418    -0.37773
    -0.37603    -0.37418    -0.36688    -0.36223    -0.35075    -0.34705
    -0.34276    -0.33721    -0.32561    -0.32189    -0.30589    -0.30533
    -0.30131    -0.27800    -0.07247    -0.01519     0.00097     0.01056
     0.02277     0.02554     0.05112     0.07088     0.09555     0.10741
 
  Peak memory usage:    748 Mb
  
  end of program scf
   
 Time(scf)  user:     4008.0  user+sys:     4031.0  wallclock:     8537.8
  
  start of program ch
  
  gridpoints used for charge fit         8151
    out of a possible maximum of         9073
  
   Electrostatic potential fitting constrained to reproduce
     total charge:                yes
     dipole moment:               no 
     traceless quadrupole moment: no 
     traceless octapole moment:   no 
  
  Atomic charges from electrostatic potential: 
   
 Atom       C1           C2           C3           C4           H5      
 Charge   -0.00053     -0.22619     -0.17011     -0.01096      0.16729
   
 Atom       H6           H7           H8           O9           P10     
 Charge    0.15191      0.15572      0.17015     -0.27829      0.90907
   
 Atom       O11          O12          N13          S14          O15     
 Charge   -0.26079     -0.63229     -0.42296      0.67666     -0.43857
   
 Atom       O16          C17          F18          F19          F20     
 Charge   -0.42172      0.33990     -0.12157     -0.10794     -0.12344
   
 Atom       H21          C22          N23          S24          O25     
 Charge    0.09653     -0.57738     -0.20080      0.79041     -0.47129
   
 Atom       O26          C27          C28          N29          C30     
 Charge   -0.48034     -0.38220      0.33810     -0.50602      0.39971
   
 Atom       C31          C32          H33          H34          H35     
 Charge   -0.36972      0.13707      0.17572      0.05389      0.20489
   
 Atom       H36          C37          C38          C39          C40     
 Charge    0.10828     -0.16309     -0.08409     -0.22127      0.41789
   
 Atom       C41          C42          H43          H44          H45     
 Charge   -0.24718     -0.12827      0.13674      0.14158      0.14289
   
 Atom       H46          H47          H48          C49          C50     
 Charge    0.14399      0.13502      0.17159      0.10639     -0.14883
   
 Atom       C51          C52          H53          H54          H55     
 Charge   -0.34152      0.52249      0.16850      0.17927      0.23046
   
 Atom       H56          N57          H58     
 Charge    0.11036     -0.31745      0.37234
  
  sum of atomic charges:     0.000000
   
 RMS Error   1.18E-03 hartrees
 
  Peak memory usage:    551 Mb
  
  end of program ch
   
 Time(ch)  user:        3.0  user+sys:        3.0  wallclock:        8.1
  
  start of program post
  
  Writing input files for PBF
  Peak memory usage:    524 Mb
  
  end of program post
   
 Time(post)  user:        0.0  user+sys:        0.0  wallclock:        0.4

  start of program pbf

Pbf Version 4.00

Molecular surface area:      427.53400   [A2]
Reaction field energy:       -21.90704   [kT]
  Peak memory usage: 513 Mb

  end of program pbf

 Time(pbf)  user:        1.8  user+sys:        1.9  wallclock:        3.1
  
  start of program solv
  
   number of surface charges from PBF    5958
   sum of surface charges     -0.00021
   
  nuclear repulsion energy.......    5609.982862500 hartrees
  Peak memory usage:    652 Mb
  
  end of program solv
   
 Time(solv)  user:        5.0  user+sys:        5.0  wallclock:       11.6
  
  start of program scf
  
  
       i  u  d  i  g                   
       t  p  i  c  r                                 RMS    maximum
       e  d  i  u  i                       energy  density   DIIS  
       r  t  s  t  d       total energy    change  change    error 
  
etot    1  N  N  1  U   -2994.16317473264           1.5E-04  1.7E-03
etot    2  N  Y  1  U   -2994.16447045412  1.3E-03  4.3E-05  1.4E-03
etot    3  N  Y  1  U   -2994.16472422377  2.5E-04  1.3E-05  7.0E-04
etot    4  N  Y  1  U   -2994.16479037551  6.6E-05  5.4E-06  1.3E-04
etot    5  N  N  1  U   -2994.16479618556  5.8E-06  0.0E+00  0.0E+00
  
  
 Energy components, in hartrees:
   (A)  Total zero-electron terms....    5612.25185243428
   (B)    Nuclear-nuclear............    5609.98286249969
   (C)    Nuclear-solvent............       2.26898993460
   (E)  Total one-electron terms.....  -15294.23497869924
   (F)    Electron-nuclear...........  -18266.42971881136
   (G)    Electron-solvent...........      -2.31586057657
   (H)    Kinetic....................    2974.51060068869
   (I)  Total two-electron terms.....    6687.81833007939
   (J)    Coulomb....................    7002.47269247079
   (K)    Exchange+Correlation.......    -314.65436239140
   (L)  Electronic energy............   -8606.41664861984  (E+I)
   (N)  Total quantum mech. energy...   -2994.16479618556  (A+L)
   (O)  Gas phase energy.............   -2994.11950869351
   (P)  Solution phase energy........   -2994.14136086457  (Q+R+S)
   (Q)    Total solute energy........   -2994.11792554359  (N-C-G)
   (R)    Total solvent energy.......      -0.02343532099  (C/2+G/2)
   (S)    Solute cavity energy.......       0.00000000000
   (U)  Reorganization energy........       0.00158314992  (Q-O)
   (V)  Solvation energy.............      -0.02185217106  (P-O)
  
 SCFE:  Solution phase energy: DFT(m06-2x)      -2994.14136086457 hartrees
        SCF iterations:   5
  
 
 HOMO energy:    -0.28583
 LUMO energy:    -0.06206
 
  Orbital energies (hartrees): 
   -90.16726   -90.16134   -78.22934   -25.29734   -25.29627   -25.29588
   -19.69185   -19.68512   -19.64597   -19.64518   -19.63734   -19.63385
   -19.62399   -14.84499   -14.79471   -14.78864   -14.75792   -10.81231
   -10.65900   -10.63209   -10.62767   -10.62579   -10.62547   -10.61057
   -10.61008   -10.60518   -10.59672   -10.58605   -10.58087   -10.57718
   -10.57117   -10.56023   -10.55906   -10.55623   -10.55409   -10.55291
   -10.55166   -10.54847    -8.47664    -8.47015    -7.00693    -6.39884
    -6.39835    -6.39712    -6.39209    -6.39158    -6.39142    -5.12567
    -5.12442    -5.12289    -1.46248    -1.37221    -1.37098    -1.24050
    -1.23033    -1.21482    -1.16979    -1.13771    -1.12837    -1.11562
    -1.10752    -1.07869    -1.04391    -0.99214    -0.96271    -0.92745
    -0.92088    -0.91745    -0.90074    -0.88405    -0.85376    -0.84324
    -0.83716    -0.82153    -0.79374    -0.77463    -0.76217    -0.73446
    -0.73289    -0.71352    -0.70677    -0.69138    -0.68924    -0.68743
    -0.68697    -0.68264    -0.67878    -0.66489    -0.65855    -0.63393
    -0.62406    -0.61442    -0.59763    -0.59301    -0.58472    -0.58009
    -0.57790    -0.57400    -0.56731    -0.56533    -0.56276    -0.55827
    -0.55611    -0.53944    -0.53675    -0.53457    -0.53208    -0.52832
    -0.52707    -0.52504    -0.52224    -0.52091    -0.51327    -0.50809
    -0.50663    -0.50305    -0.49554    -0.49258    -0.48793    -0.48661
    -0.48471    -0.47515    -0.46542    -0.46211    -0.45676    -0.44784
    -0.43560    -0.43347    -0.42249    -0.41971    -0.41704    -0.40798
    -0.40658    -0.40380    -0.39943    -0.39520    -0.39026    -0.38885
    -0.38321    -0.38006    -0.36688    -0.36416    -0.36096    -0.35370
    -0.34769    -0.33949    -0.33657    -0.32209    -0.30930    -0.30534
    -0.30403    -0.28583    -0.06206    -0.01411     0.00264     0.00313
     0.02386     0.02729     0.06212     0.06407     0.09348     0.10185
 
  Peak memory usage:    747 Mb
  
  end of program scf
   
 Time(scf)  user:     1792.0  user+sys:     1801.0  wallclock:     3763.4
  
  start of program sole
  
    SCRF                   solvation energy
  iteration          Hartrees            kcal/mol
     0               0.0000000            0.0000
     1              -0.0218522          -13.7124
  
  solvation energy not yet converged... 
  
  Peak memory usage:    623 Mb
  
  end of program sole
   
 Time(sole)  user:        0.0  user+sys:        0.0  wallclock:        0.3
  
  start of program ch
  
  gridpoints used for charge fit         8151
    out of a possible maximum of         8151
  
   Electrostatic potential fitting constrained to reproduce
     total charge:                yes
     dipole moment:               no 
     traceless quadrupole moment: no 
     traceless octapole moment:   no 
  
  Atomic charges from electrostatic potential: 
   
 Atom       C1           C2           C3           C4           H5      
 Charge   -0.00452     -0.22530     -0.18315     -0.01022      0.17649
   
 Atom       H6           H7           H8           O9           P10     
 Charge    0.16414      0.16681      0.17337     -0.28046      0.90479
   
 Atom       O11          O12          N13          S14          O15     
 Charge   -0.27417     -0.64223     -0.41010      0.68912     -0.45814
   
 Atom       O16          C17          F18          F19          F20     
 Charge   -0.44410      0.34609     -0.12430     -0.10726     -0.12145
   
 Atom       H21          C22          N23          S24          O25     
 Charge    0.10227     -0.55056     -0.21948      0.80266     -0.49287
   
 Atom       O26          C27          C28          N29          C30     
 Charge   -0.50249     -0.38124      0.34140     -0.52180      0.39871
   
 Atom       C31          C32          H33          H34          H35     
 Charge   -0.37073      0.13460      0.18560      0.06237      0.20781
   
 Atom       H36          C37          C38          C39          C40     
 Charge    0.11932     -0.17324     -0.09048     -0.22470      0.40675
   
 Atom       C41          C42          H43          H44          H45     
 Charge   -0.25129     -0.13128      0.14478      0.14520      0.14024
   
 Atom       H46          H47          H48          C49          C50     
 Charge    0.15383      0.14259      0.16491      0.11786     -0.14186
   
 Atom       C51          C52          H53          H54          H55     
 Charge   -0.35201      0.54733      0.17960      0.18843      0.24033
   
 Atom       H56          N57          H58     
 Charge    0.10599     -0.33861      0.37465
  
  sum of atomic charges:     0.000000
   
 RMS Error   1.18E-03 hartrees
 
  Peak memory usage:    551 Mb
  
  end of program ch
   
 Time(ch)  user:        3.0  user+sys:        3.0  wallclock:        7.0
  
  start of program post
  
  Writing input files for PBF
  Peak memory usage:    524 Mb
  
  end of program post
   
 Time(post)  user:        0.0  user+sys:        0.0  wallclock:        0.4

  start of program pbf

Pbf Version 4.00

Molecular surface area:      427.53400   [A2]
Reaction field energy:       -25.61971   [kT]
  Peak memory usage: 513 Mb

  end of program pbf

 Time(pbf)  user:        1.8  user+sys:        1.9  wallclock:        4.4
  
  start of program solv
  
   number of surface charges from PBF    5958
   sum of surface charges     -0.00025
   
  nuclear repulsion energy.......    5609.982862500 hartrees
  Peak memory usage:    652 Mb
  
  end of program solv
   
 Time(solv)  user:        5.0  user+sys:        5.0  wallclock:       11.3
  
  start of program scf
  
  
       i  u  d  i  g                   
       t  p  i  c  r                                 RMS    maximum
       e  d  i  u  i                       energy  density   DIIS  
       r  t  s  t  d       total energy    change  change    error 
  
etot    1  N  N  1  U   -2994.16862684600           1.8E-05  2.8E-04
etot    2  N  N  1  U   -2994.16863907306  1.2E-05  0.0E+00  0.0E+00
  
  
 Energy components, in hartrees:
   (A)  Total zero-electron terms....    5612.50639155079
   (B)    Nuclear-nuclear............    5609.98286249969
   (C)    Nuclear-solvent............       2.52352905110
   (E)  Total one-electron terms.....  -15294.69850559275
   (F)    Electron-nuclear...........  -18266.64387470892
   (G)    Electron-solvent...........      -2.57470140142
   (H)    Kinetic....................    2974.52007051758
   (I)  Total two-electron terms.....    6688.02347496890
   (J)    Coulomb....................    7002.67988611649
   (K)    Exchange+Correlation.......    -314.65641114759
   (L)  Electronic energy............   -8606.67503062385  (E+I)
   (N)  Total quantum mech. energy...   -2994.16863907306  (A+L)
   (O)  Gas phase energy.............   -2994.11950869351
   (P)  Solution phase energy........   -2994.14305289790  (Q+R+S)
   (Q)    Total solute energy........   -2994.11746672275  (N-C-G)
   (R)    Total solvent energy.......      -0.02558617516  (C/2+G/2)
   (S)    Solute cavity energy.......       0.00000000000
   (U)  Reorganization energy........       0.00204197077  (Q-O)
   (V)  Solvation energy.............      -0.02354420439  (P-O)
  
 SCFE:  Solution phase energy: DFT(m06-2x)      -2994.14305289790 hartrees
        SCF iterations:   2
  
 
 HOMO energy:    -0.32566
 LUMO energy:    -0.06097
 
  Orbital energies (hartrees): 
   -81.84114   -81.03320   -80.44692   -34.27862   -26.76500   -26.18089
   -21.44279   -19.84620   -19.32996   -19.12413   -17.23814   -16.54848
   -16.12497   -15.49239   -15.23114   -12.98079   -12.82080   -12.45125
   -12.43935   -11.80120   -11.44331   -11.36417   -11.13849   -11.01809
   -10.69094   -10.67473   -10.62610   -10.61857   -10.56880   -10.56821
   -10.50464   -10.44938   -10.41051    -9.97138    -9.94680    -9.88060
    -9.64403    -9.60988    -9.29470    -8.99421    -8.32993    -7.44822
    -7.34670    -7.11213    -7.09999    -6.71923    -6.69381    -6.68387
    -6.55228    -5.86227    -1.42170    -1.36475    -1.35310    -1.28540
    -1.23192    -1.08272    -1.08096    -1.08038    -1.07048    -1.05224
    -1.04009    -1.03174    -0.96560    -0.93855    -0.88744    -0.88521
    -0.88230    -0.85924    -0.85065    -0.83925    -0.83277    -0.81941
    -0.81261    -0.79398    -0.77907    -0.76595    -0.75519    -0.75449
    -0.74255    -0.73524    -0.70370    -0.69679    -0.69437    -0.69323
    -0.68280    -0.67503    -0.64561    -0.64437    -0.64358    -0.63884
    -0.63137    -0.62924    -0.62769    -0.62076    -0.61193    -0.60923
    -0.60662    -0.60249    -0.60021    -0.58963    -0.58324    -0.57836
    -0.57416    -0.55973    -0.55735    -0.55378    -0.54956    -0.54556
    -0.54430    -0.54398    -0.53716    -0.53265    -0.51586    -0.51507
    -0.51091    -0.51019    -0.50901    -0.50538    -0.50314    -0.50303
    -0.50028    -0.49617    -0.49511    -0.49489    -0.48957    -0.48944
    -0.48396    -0.47170    -0.46611    -0.46334    -0.46080    -0.45857
    -0.45603    -0.45589    -0.45112    -0.44282    -0.44053    -0.43867
    -0.43575    -0.42782    -0.41931    -0.41329    -0.41305    -0.40788
    -0.39966    -0.39551    -0.38454    -0.36713    -0.35983    -0.33828
    -0.33469    -0.32566    -0.06097    -0.01380     0.00209     0.00335
     0.02401     0.02736     0.06299     0.06364     0.09321     0.10184
 
  Peak memory usage:    747 Mb
  
  end of program scf
   
 Time(scf)  user:      452.0  user+sys:      454.0  wallclock:      965.3
  
  start of program sole
  
    SCRF                   solvation energy
  iteration          Hartrees            kcal/mol
     0               0.0000000            0.0000
     1              -0.0218522          -13.7124
     2              -0.0235442          -14.7742
  
  solvation energy not yet converged... 
  
  Peak memory usage:    623 Mb
  
  end of program sole
   
 Time(sole)  user:        0.0  user+sys:        0.0  wallclock:        0.4
  
  start of program ch
  
  gridpoints used for charge fit         8151
    out of a possible maximum of         8151
  
   Electrostatic potential fitting constrained to reproduce
     total charge:                yes
     dipole moment:               no 
     traceless quadrupole moment: no 
     traceless octapole moment:   no 
  
  Atomic charges from electrostatic potential: 
   
 Atom       C1           C2           C3           C4           H5      
 Charge   -0.00460     -0.22385     -0.18344     -0.01137      0.17709
   
 Atom       H6           H7           H8           O9           P10     
 Charge    0.16526      0.16809      0.17278     -0.28005      0.90440
   
 Atom       O11          O12          N13          S14          O15     
 Charge   -0.27618     -0.64228     -0.40909      0.69119     -0.46016
   
 Atom       O16          C17          F18          F19          F20     
 Charge   -0.44639      0.34551     -0.12425     -0.10704     -0.12036
   
 Atom       H21          C22          N23          S24          O25     
 Charge    0.10187     -0.54416     -0.21930      0.79781     -0.49293
   
 Atom       O26          C27          C28          N29          C30     
 Charge   -0.50325     -0.37753      0.34190     -0.52454      0.39664
   
 Atom       C31          C32          H33          H34          H35     
 Charge   -0.37167      0.13558      0.18644      0.06329      0.20755
   
 Atom       H36          C37          C38          C39          C40     
 Charge    0.12028     -0.17298     -0.09197     -0.22412      0.40062
   
 Atom       C41          C42          H43          H44          H45     
 Charge   -0.24932     -0.12933      0.14504      0.14495      0.13942
   
 Atom       H46          H47          H48          C49          C50     
 Charge    0.15444      0.14300      0.16369      0.12159     -0.13818
   
 Atom       C51          C52          H53          H54          H55     
 Charge   -0.35145      0.54618      0.18028      0.18908      0.24070
   
 Atom       H56          N57          H58     
 Charge    0.10452     -0.34288      0.37349
  
  sum of atomic charges:     0.000000
   
 RMS Error   1.18E-03 hartrees
 
  Peak memory usage:    551 Mb
  
  end of program ch
   
 Time(ch)  user:        3.0  user+sys:        3.0  wallclock:        7.0
  
  start of program post
  
  Writing input files for PBF
  Peak memory usage:    524 Mb
  
  end of program post
   
 Time(post)  user:        0.0  user+sys:        0.0  wallclock:        0.5

  start of program pbf

Pbf Version 4.00

Molecular surface area:      427.53400   [A2]
Reaction field energy:       -26.13138   [kT]
  Peak memory usage: 513 Mb

  end of program pbf

 Time(pbf)  user:        1.9  user+sys:        2.0  wallclock:        4.0
  
  start of program solv
  
   number of surface charges from PBF    5958
   sum of surface charges     -0.00026
   
  nuclear repulsion energy.......    5609.982862500 hartrees
  Peak memory usage:    652 Mb
  
  end of program solv
   
 Time(solv)  user:        5.0  user+sys:        5.0  wallclock:       12.5
  
  start of program scf
  
  
       i  u  d  i  g                   
       t  p  i  c  r                                 RMS    maximum
       e  d  i  u  i                       energy  density   DIIS  
       r  t  s  t  d       total energy    change  change    error 
  
etot    1  N  N  1  U   -2994.16914381279           1.1E-05  2.3E-04
etot    2  N  N  1  U   -2994.16913453215 -9.3E-06  0.0E+00  0.0E+00
  
  
 Energy components, in hartrees:
   (A)  Total zero-electron terms....    5612.55166788673
   (B)    Nuclear-nuclear............    5609.98286249969
   (C)    Nuclear-solvent............       2.56880538704
   (E)  Total one-electron terms.....  -15294.59422654514
   (F)    Electron-nuclear...........  -18266.47441955326
   (G)    Electron-solvent...........      -2.62035446247
   (H)    Kinetic....................    2974.50054747059
   (I)  Total two-electron terms.....    6687.87342412626
   (J)    Coulomb....................    7002.52769707793
   (K)    Exchange+Correlation.......    -314.65427295167
   (L)  Electronic energy............   -8606.72080241888  (E+I)
   (N)  Total quantum mech. energy...   -2994.16913453215  (A+L)
   (O)  Gas phase energy.............   -2994.11950869351
   (P)  Solution phase energy........   -2994.14335999444  (Q+R+S)
   (Q)    Total solute energy........   -2994.11758545672  (N-C-G)
   (R)    Total solvent energy.......      -0.02577453771  (C/2+G/2)
   (S)    Solute cavity energy.......       0.00000000000
   (U)  Reorganization energy........       0.00192323679  (Q-O)
   (V)  Solvation energy.............      -0.02385130093  (P-O)
  
 SCFE:  Solution phase energy: DFT(m06-2x)      -2994.14335999444 hartrees
        SCF iterations:   2
  
 
 HOMO energy:    -0.28665
 LUMO energy:    -0.06132
 
  Orbital energies (hartrees): 
   -90.16941   -90.16299   -78.23070   -25.29882   -25.29758   -25.29722
   -19.69246   -19.68723   -19.64800   -19.64655   -19.63940   -19.63601
   -19.62532   -14.84705   -14.79667   -14.79053   -14.75935   -10.81376
   -10.65684   -10.63331   -10.62806   -10.62772   -10.62623   -10.61121
   -10.60924   -10.60435   -10.59395   -10.58478   -10.58157   -10.57518
   -10.57198   -10.55946   -10.55912   -10.55514   -10.55405   -10.55372
   -10.55262   -10.54925    -8.47875    -8.47181    -7.00828    -6.40095
    -6.40048    -6.39922    -6.39375    -6.39325    -6.39309    -5.12702
    -5.12577    -5.12424    -1.46390    -1.37365    -1.37238    -1.24243
    -1.23211    -1.21610    -1.17091    -1.13787    -1.13025    -1.11753
    -1.10870    -1.07955    -1.04539    -0.99366    -0.96294    -0.92668
    -0.92057    -0.91801    -0.90092    -0.88424    -0.85374    -0.84338
    -0.83861    -0.82221    -0.79424    -0.77579    -0.76269    -0.73486
    -0.73377    -0.71348    -0.70681    -0.69084    -0.69064    -0.68883
    -0.68717    -0.68282    -0.67979    -0.66597    -0.65852    -0.63469
    -0.62508    -0.61508    -0.59872    -0.59390    -0.58571    -0.58044
    -0.57819    -0.57455    -0.56841    -0.56569    -0.56395    -0.55835
    -0.55660    -0.54098    -0.53758    -0.53551    -0.53271    -0.52951
    -0.52801    -0.52636    -0.52298    -0.52174    -0.51368    -0.50841
    -0.50793    -0.50334    -0.49525    -0.49296    -0.48758    -0.48670
    -0.48430    -0.47591    -0.46594    -0.46285    -0.45648    -0.44781
    -0.43699    -0.43399    -0.42365    -0.42093    -0.41792    -0.40931
    -0.40736    -0.40526    -0.40025    -0.39626    -0.39192    -0.39031
    -0.38478    -0.38163    -0.36788    -0.36415    -0.36096    -0.35515
    -0.34842    -0.34042    -0.33806    -0.32278    -0.30997    -0.30551
    -0.30422    -0.28665    -0.06132    -0.01444     0.00175     0.00309
     0.02363     0.02726     0.06335     0.06360     0.09245     0.10084
 
  Peak memory usage:    747 Mb
  
  end of program scf
   
 Time(scf)  user:      450.0  user+sys:      452.0  wallclock:      923.8
  
  start of program sole
  
    SCRF                   solvation energy
  iteration          Hartrees            kcal/mol
     0               0.0000000            0.0000
     1              -0.0218522          -13.7124
     2              -0.0235442          -14.7742
     3              -0.0238513          -14.9669
  
  solvation energy not yet converged... 
  
  Peak memory usage:    623 Mb
  
  end of program sole
   
 Time(sole)  user:        0.0  user+sys:        0.0  wallclock:        0.4
  
  start of program ch
  
  gridpoints used for charge fit         8151
    out of a possible maximum of         8151
  
   Electrostatic potential fitting constrained to reproduce
     total charge:                yes
     dipole moment:               no 
     traceless quadrupole moment: no 
     traceless octapole moment:   no 
  
  Atomic charges from electrostatic potential: 
   
 Atom       C1           C2           C3           C4           H5      
 Charge   -0.00466     -0.22468     -0.18487     -0.01012      0.17742
   
 Atom       H6           H7           H8           O9           P10     
 Charge    0.16544      0.16776      0.17318     -0.28060      0.90454
   
 Atom       O11          O12          N13          S14          O15     
 Charge   -0.27561     -0.64304     -0.40772      0.68862     -0.45934
   
 Atom       O16          C17          F18          F19          F20     
 Charge   -0.44575      0.34588     -0.12448     -0.10713     -0.12056
   
 Atom       H21          C22          N23          S24          O25     
 Charge    0.10087     -0.54993     -0.21559      0.80115     -0.49536
   
 Atom       O26          C27          C28          N29          C30     
 Charge   -0.50477     -0.38176      0.34125     -0.52266      0.40037
   
 Atom       C31          C32          H33          H34          H35     
 Charge   -0.37162      0.13404      0.18732      0.06329      0.20732
   
 Atom       H36          C37          C38          C39          C40     
 Charge    0.12066     -0.17407     -0.09133     -0.22281      0.40524
   
 Atom       C41          C42          H43          H44          H45     
 Charge   -0.25089     -0.13242      0.14529      0.14462      0.13934
   
 Atom       H46          H47          H48          C49          C50     
 Charge    0.15467      0.14369      0.16453      0.11691     -0.14154
   
 Atom       C51          C52          H53          H54          H55     
 Charge   -0.35241      0.54945      0.18099      0.18999      0.24109
   
 Atom       H56          N57          H58     
 Charge    0.10459     -0.33860      0.37478
  
  sum of atomic charges:     0.000000
   
 RMS Error   1.18E-03 hartrees
 
  Peak memory usage:    551 Mb
  
  end of program ch
   
 Time(ch)  user:        3.0  user+sys:        3.0  wallclock:        7.9
  
  start of program post
  
  Writing input files for PBF
  Peak memory usage:    524 Mb
  
  end of program post
   
 Time(post)  user:        0.0  user+sys:        0.0  wallclock:        0.5

  start of program pbf

Pbf Version 4.00

Molecular surface area:      427.53400   [A2]
Reaction field energy:       -26.00756   [kT]
  Peak memory usage: 513 Mb

  end of program pbf

 Time(pbf)  user:        1.9  user+sys:        1.9  wallclock:        3.4
  
  start of program solv
  
   number of surface charges from PBF    5958
   sum of surface charges     -0.00025
   
  nuclear repulsion energy.......    5609.982862500 hartrees
  Peak memory usage:    652 Mb
  
  end of program solv
   
 Time(solv)  user:        5.0  user+sys:        5.0  wallclock:       12.7
  
  start of program scf
  
  
       i  u  d  i  g                   
       t  p  i  c  r                                 RMS    maximum
       e  d  i  u  i                       energy  density   DIIS  
       r  t  s  t  d       total energy    change  change    error 
  
etot    1  N  N  1  U   -2994.16901972685           1.5E-05  3.5E-04
etot    2  N  N  1  U   -2994.16899323694 -2.6E-05  0.0E+00  0.0E+00
  
  
 Energy components, in hartrees:
   (A)  Total zero-electron terms....    5612.53270851189
   (B)    Nuclear-nuclear............    5609.98286249969
   (C)    Nuclear-solvent............       2.54984601220
   (E)  Total one-electron terms.....  -15294.79204488930
   (F)    Electron-nuclear...........  -18266.71213814503
   (G)    Electron-solvent...........      -2.60148909596
   (H)    Kinetic....................    2974.52158235169
   (I)  Total two-electron terms.....    6688.09034314047
   (J)    Coulomb....................    7002.74711177350
   (K)    Exchange+Correlation.......    -314.65676863303
   (L)  Electronic energy............   -8606.70170174882  (E+I)
   (N)  Total quantum mech. energy...   -2994.16899323694  (A+L)
   (O)  Gas phase energy.............   -2994.11950869351
   (P)  Solution phase energy........   -2994.14317169506  (Q+R+S)
   (Q)    Total solute energy........   -2994.11735015318  (N-C-G)
   (R)    Total solvent energy.......      -0.02582154188  (C/2+G/2)
   (S)    Solute cavity energy.......       0.00000000000
   (U)  Reorganization energy........       0.00215854033  (Q-O)
   (V)  Solvation energy.............      -0.02366300155  (P-O)
  
 SCFE:  Solution phase energy: DFT(m06-2x)      -2994.14317169506 hartrees
        SCF iterations:   2
  
 
 HOMO energy:    -0.28644
 LUMO energy:    -0.06063
 
  Orbital energies (hartrees): 
   -90.16610   -90.16278   -78.22993   -25.29847   -25.29721   -25.29681
   -19.69281   -19.68522   -19.64901   -19.64718   -19.63844   -19.63467
   -19.62433   -14.83817   -14.79250   -14.78481   -14.75888   -10.81364
   -10.66000   -10.62934   -10.62784   -10.62281   -10.62264   -10.61020
   -10.60946   -10.60545   -10.59745   -10.58721   -10.58053   -10.57897
   -10.56888   -10.56052   -10.55957   -10.55777   -10.55492   -10.55156
   -10.55148   -10.54980    -8.47565    -8.47155    -7.00751    -6.39783
    -6.39737    -6.39609    -6.39349    -6.39299    -6.39283    -5.12625
    -5.12500    -5.12348    -1.46360    -1.37345    -1.37191    -1.24095
    -1.23153    -1.21542    -1.17036    -1.13540    -1.12934    -1.11687
    -1.10766    -1.07713    -1.04244    -0.99302    -0.96230    -0.92611
    -0.92084    -0.91800    -0.89972    -0.88330    -0.85290    -0.84309
    -0.83824    -0.82202    -0.79306    -0.77527    -0.76148    -0.73432
    -0.73329    -0.71234    -0.70574    -0.69016    -0.69016    -0.68844
    -0.68649    -0.68217    -0.67931    -0.66555    -0.65766    -0.63330
    -0.62450    -0.61407    -0.59813    -0.59292    -0.58534    -0.58007
    -0.57701    -0.57358    -0.56810    -0.56552    -0.56364    -0.55800
    -0.55541    -0.54040    -0.53699    -0.53463    -0.53219    -0.52909
    -0.52742    -0.52594    -0.52232    -0.52085    -0.51328    -0.50829
    -0.50761    -0.50279    -0.49520    -0.49196    -0.48747    -0.48640
    -0.48394    -0.47483    -0.46482    -0.46251    -0.45677    -0.44684
    -0.43627    -0.43336    -0.42287    -0.42018    -0.41747    -0.40854
    -0.40656    -0.40470    -0.39959    -0.39555    -0.39107    -0.38913
    -0.38389    -0.38064    -0.36724    -0.36355    -0.36061    -0.35441
    -0.34696    -0.33873    -0.33712    -0.32131    -0.30987    -0.30516
    -0.30368    -0.28644    -0.06063    -0.01353     0.00203     0.00344
     0.02427     0.02749     0.06308     0.06363     0.09337     0.10216
 
  Peak memory usage:    747 Mb
  
  end of program scf
   
 Time(scf)  user:      453.0  user+sys:      455.0  wallclock:      948.1
  
  start of program sole
  
    SCRF                   solvation energy
  iteration          Hartrees            kcal/mol
     0               0.0000000            0.0000
     1              -0.0218522          -13.7124
     2              -0.0235442          -14.7742
     3              -0.0238513          -14.9669
     4              -0.0236630          -14.8488
  
  solvation energy not yet converged... 
  
  Peak memory usage:    623 Mb
  
  end of program sole
   
 Time(sole)  user:        0.0  user+sys:        0.0  wallclock:        0.3
  
  start of program ch
  
  gridpoints used for charge fit         8151
    out of a possible maximum of         8151
  
   Electrostatic potential fitting constrained to reproduce
     total charge:                yes
     dipole moment:               no 
     traceless quadrupole moment: no 
     traceless octapole moment:   no 
  
  Atomic charges from electrostatic potential: 
   
 Atom       C1           C2           C3           C4           H5      
 Charge   -0.00463     -0.22433     -0.18263     -0.01219      0.17734
   
 Atom       H6           H7           H8           O9           P10     
 Charge    0.16544      0.16829      0.17270     -0.28006      0.90401
   
 Atom       O11          O12          N13          S14          O15     
 Charge   -0.27602     -0.64209     -0.40853      0.69093     -0.46032
   
 Atom       O16          C17          F18          F19          F20     
 Charge   -0.44639      0.34639     -0.12445     -0.10715     -0.12097
   
 Atom       H21          C22          N23          S24          O25     
 Charge    0.10181     -0.54989     -0.21862      0.79663     -0.49170
   
 Atom       O26          C27          C28          N29          C30     
 Charge   -0.50277     -0.37647      0.34266     -0.52590      0.39495
   
 Atom       C31          C32          H33          H34          H35     
 Charge   -0.37125      0.13647      0.18641      0.06334      0.20758
   
 Atom       H36          C37          C38          C39          C40     
 Charge    0.12024     -0.17254     -0.09157     -0.22589      0.40175
   
 Atom       C41          C42          H43          H44          H45     
 Charge   -0.24944     -0.12829      0.14498      0.14487      0.13970
   
 Atom       H46          H47          H48          C49          C50     
 Charge    0.15460      0.14289      0.16519      0.12477     -0.13775
   
 Atom       C51          C52          H53          H54          H55     
 Charge   -0.35128      0.54625      0.18014      0.18930      0.24095
   
 Atom       H56          N57          H58     
 Charge    0.10504     -0.34610      0.37359
  
  sum of atomic charges:     0.000000
   
 RMS Error   1.18E-03 hartrees
 
  Peak memory usage:    551 Mb
  
  end of program ch
   
 Time(ch)  user:        3.0  user+sys:        3.0  wallclock:        8.0
  
  start of program post
  
  Writing input files for PBF
  Peak memory usage:    524 Mb
  
  end of program post
   
 Time(post)  user:        0.0  user+sys:        0.0  wallclock:        0.4

  start of program pbf

Pbf Version 4.00

Molecular surface area:      427.53400   [A2]
Reaction field energy:       -26.22162   [kT]
  Peak memory usage: 513 Mb

  end of program pbf

 Time(pbf)  user:        1.9  user+sys:        2.0  wallclock:        3.1
  
  start of program solv
  
   number of surface charges from PBF    5958
   sum of surface charges     -0.00027
   
  nuclear repulsion energy.......    5609.982862500 hartrees
  Peak memory usage:    652 Mb
  
  end of program solv
   
 Time(solv)  user:        5.0  user+sys:        5.0  wallclock:       12.8
  
  start of program scf
  
  
       i  u  d  i  g                   
       t  p  i  c  r                                 RMS    maximum
       e  d  i  u  i                       energy  density   DIIS  
       r  t  s  t  d       total energy    change  change    error 
  
etot    1  N  N  1  U   -2994.16919936716           2.3E-05  5.1E-04
etot    2  N  Y  1  U   -2994.16913749637 -6.2E-05  1.5E-05  8.2E-04
etot    3  N  Y  1  U   -2994.16923872367  1.0E-04  6.8E-07  2.8E-05
etot    4  N  N  1  U   -2994.16923889848  1.7E-07  0.0E+00  0.0E+00
  
  
 Energy components, in hartrees:
   (A)  Total zero-electron terms....    5612.56184797592
   (B)    Nuclear-nuclear............    5609.98286249969
   (C)    Nuclear-solvent............       2.57898547623
   (E)  Total one-electron terms.....  -15294.70353969935
   (F)    Electron-nuclear...........  -18266.58326399062
   (G)    Electron-solvent...........      -2.63073974720
   (H)    Kinetic....................    2974.51046403846
   (I)  Total two-electron terms.....    6687.97245282496
   (J)    Coulomb....................    7002.62798028277
   (K)    Exchange+Correlation.......    -314.65552745781
   (L)  Electronic energy............   -8606.73108687440  (E+I)
   (N)  Total quantum mech. energy...   -2994.16923889848  (A+L)
   (O)  Gas phase energy.............   -2994.11950869351
   (P)  Solution phase energy........   -2994.14336176300  (Q+R+S)
   (Q)    Total solute energy........   -2994.11748462751  (N-C-G)
   (R)    Total solvent energy.......      -0.02587713548  (C/2+G/2)
   (S)    Solute cavity energy.......       0.00000000000
   (U)  Reorganization energy........       0.00202406600  (Q-O)
   (V)  Solvation energy.............      -0.02385306949  (P-O)
  
 SCFE:  Solution phase energy: DFT(m06-2x)      -2994.14336176300 hartrees
        SCF iterations:   4
  
 
 HOMO energy:    -0.28659
 LUMO energy:    -0.06105
 
  Orbital energies (hartrees): 
   -90.16809   -90.16295   -78.23041   -25.29868   -25.29735   -25.29723
   -19.69265   -19.68640   -19.64757   -19.64731   -19.63892   -19.63553
   -19.62494   -14.84352   -14.79518   -14.78829   -14.75928   -10.81375
   -10.65812   -10.63182   -10.62782   -10.62598   -10.62481   -10.61081
   -10.60935   -10.60481   -10.59540   -10.58574   -10.58108   -10.57673
   -10.57084   -10.55996   -10.55934   -10.55622   -10.55427   -10.55306
   -10.55195   -10.54948    -8.47752    -8.47175    -7.00799    -6.39971
    -6.39924    -6.39798    -6.39369    -6.39319    -6.39303    -5.12673
    -5.12548    -5.12395    -1.46381    -1.37359    -1.37223    -1.24182
    -1.23190    -1.21585    -1.17071    -1.13691    -1.12984    -1.11729
    -1.10831    -1.07862    -1.04428    -0.99346    -0.96271    -0.92648
    -0.92067    -0.91804    -0.90046    -0.88387    -0.85342    -0.84327
    -0.83849    -0.82216    -0.79378    -0.77562    -0.76222    -0.73467
    -0.73359    -0.71304    -0.70640    -0.69068    -0.69037    -0.68871
    -0.68691    -0.68258    -0.67962    -0.66583    -0.65819    -0.63417
    -0.62487    -0.61469    -0.59852    -0.59352    -0.58559    -0.58033
    -0.57773    -0.57417    -0.56831    -0.56561    -0.56385    -0.55823
    -0.55613    -0.54078    -0.53738    -0.53517    -0.53250    -0.52937
    -0.52777    -0.52621    -0.52275    -0.52138    -0.51354    -0.50840
    -0.50783    -0.50314    -0.49528    -0.49256    -0.48754    -0.48659
    -0.48415    -0.47550    -0.46554    -0.46272    -0.45658    -0.44744
    -0.43673    -0.43374    -0.42336    -0.42064    -0.41775    -0.40903
    -0.40704    -0.40501    -0.40000    -0.39600    -0.39160    -0.38983
    -0.38442    -0.38123    -0.36765    -0.36393    -0.36081    -0.35490
    -0.34786    -0.33980    -0.33769    -0.32221    -0.30996    -0.30538
    -0.30401    -0.28659    -0.06105    -0.01408     0.00183     0.00324
     0.02387     0.02735     0.06325     0.06358     0.09279     0.10133
 
  Peak memory usage:    747 Mb
  
  end of program scf
   
 Time(scf)  user:     1342.0  user+sys:     1349.0  wallclock:     2864.1
  
  start of program sole
  
    SCRF                   solvation energy
  iteration          Hartrees            kcal/mol
     0               0.0000000            0.0000
     1              -0.0218522          -13.7124
     2              -0.0235442          -14.7742
     3              -0.0238513          -14.9669
     4              -0.0236630          -14.8488
     5              -0.0238531          -14.9680
  
  solvation energy not yet converged... 
  
  Peak memory usage:    623 Mb
  
  end of program sole
   
 Time(sole)  user:        0.0  user+sys:        0.0  wallclock:        0.4
  
  start of program ch
  
  gridpoints used for charge fit         8151
    out of a possible maximum of         8151
  
   Electrostatic potential fitting constrained to reproduce
     total charge:                yes
     dipole moment:               no 
     traceless quadrupole moment: no 
     traceless octapole moment:   no 
  
  Atomic charges from electrostatic potential: 
   
 Atom       C1           C2           C3           C4           H5      
 Charge   -0.00473     -0.22445     -0.18389     -0.01107      0.17743
   
 Atom       H6           H7           H8           O9           P10     
 Charge    0.16551      0.16802      0.17297     -0.28036      0.90445
   
 Atom       O11          O12          N13          S14          O15     
 Charge   -0.27591     -0.64278     -0.40807      0.68979     -0.45985
   
 Atom       O16          C17          F18          F19          F20     
 Charge   -0.44616      0.34589     -0.12443     -0.10712     -0.12056
   
 Atom       H21          C22          N23          S24          O25     
 Charge    0.10103     -0.54856     -0.21653      0.79905     -0.49395
   
 Atom       O26          C27          C28          N29          C30     
 Charge   -0.50414     -0.37937      0.34198     -0.52431      0.39812
   
 Atom       C31          C32          H33          H34          H35     
 Charge   -0.37166      0.13512      0.18705      0.06332      0.20740
   
 Atom       H36          C37          C38          C39          C40     
 Charge    0.12057     -0.17336     -0.09168     -0.22389      0.40322
   
 Atom       C41          C42          H43          H44          H45     
 Charge   -0.25002     -0.13069      0.14519      0.14469      0.13940
   
 Atom       H46          H47          H48          C49          C50     
 Charge    0.15457      0.14343      0.16439      0.12026     -0.13974
   
 Atom       C51          C52          H53          H54          H55     
 Charge   -0.35195      0.54785      0.18073      0.18980      0.24102
   
 Atom       H56          N57          H58     
 Charge    0.10457     -0.34181      0.37421
  
  sum of atomic charges:     0.000000
   
 RMS Error   1.18E-03 hartrees
 
  Peak memory usage:    551 Mb
  
  end of program ch
   
 Time(ch)  user:        3.0  user+sys:        3.0  wallclock:        8.0
  
  start of program post
  
  Writing input files for PBF
  Peak memory usage:    524 Mb
  
  end of program post
   
 Time(post)  user:        0.0  user+sys:        0.0  wallclock:        0.4

  start of program pbf

Pbf Version 4.00

Molecular surface area:      427.53400   [A2]
Reaction field energy:       -26.12889   [kT]
  Peak memory usage: 513 Mb

  end of program pbf

 Time(pbf)  user:        1.9  user+sys:        2.0  wallclock:        5.0
  
  start of program solv
  
   number of surface charges from PBF    5958
   sum of surface charges     -0.00026
   
  nuclear repulsion energy.......    5609.982862500 hartrees
  Peak memory usage:    652 Mb
  
  end of program solv
   
 Time(solv)  user:        5.0  user+sys:        5.0  wallclock:       11.9
  
  start of program scf
  
  
       i  u  d  i  g                   
       t  p  i  c  r                                 RMS    maximum
       e  d  i  u  i                       energy  density   DIIS  
       r  t  s  t  d       total energy    change  change    error 
  
etot    1  N  N  1  U   -2994.16915281259           1.4E-06  2.3E-05
etot    2  N  N  1  U   -2994.16915282200  9.4E-09  0.0E+00  0.0E+00
  
  
 Energy components, in hartrees:
   (A)  Total zero-electron terms....    5612.54783632914
   (B)    Nuclear-nuclear............    5609.98286249969
   (C)    Nuclear-solvent............       2.56497382945
   (E)  Total one-electron terms.....  -15294.67547586817
   (F)    Electron-nuclear...........  -18266.56837336922
   (G)    Electron-solvent...........      -2.61661790768
   (H)    Kinetic....................    2974.50951540872
   (I)  Total two-electron terms.....    6687.95848671704
   (J)    Coulomb....................    7002.61384768500
   (K)    Exchange+Correlation.......    -314.65536096796
   (L)  Electronic energy............   -8606.71698915114  (E+I)
   (N)  Total quantum mech. energy...   -2994.16915282200  (A+L)
   (O)  Gas phase energy.............   -2994.11950869351
   (P)  Solution phase energy........   -2994.14333078289  (Q+R+S)
   (Q)    Total solute energy........   -2994.11750874377  (N-C-G)
   (R)    Total solvent energy.......      -0.02582203911  (C/2+G/2)
   (S)    Solute cavity energy.......       0.00000000000
   (U)  Reorganization energy........       0.00199994974  (Q-O)
   (V)  Solvation energy.............      -0.02382208938  (P-O)
  
 SCFE:  Solution phase energy: DFT(m06-2x)      -2994.14333078289 hartrees
        SCF iterations:   2
  
 
 HOMO energy:    -0.28656
 LUMO energy:    -0.06107
 
  Orbital energies (hartrees): 
   -90.16814   -90.16289   -78.23039   -25.29866   -25.29732   -25.29719
   -19.69261   -19.68645   -19.64762   -19.64733   -19.63898   -19.63549
   -19.62496   -14.84378   -14.79520   -14.78843   -14.75920   -10.81371
   -10.65802   -10.63187   -10.62779   -10.62613   -10.62491   -10.61081
   -10.60936   -10.60477   -10.59530   -10.58567   -10.58113   -10.57660
   -10.57088   -10.55990   -10.55929   -10.55614   -10.55425   -10.55314
   -10.55201   -10.54941    -8.47756    -8.47169    -7.00797    -6.39975
    -6.39929    -6.39802    -6.39363    -6.39313    -6.39297    -5.12671
    -5.12546    -5.12393    -1.46378    -1.37356    -1.37220    -1.24184
    -1.23187    -1.21584    -1.17070    -1.13698    -1.12986    -1.11726
    -1.10831    -1.07867    -1.04432    -0.99342    -0.96272    -0.92650
    -0.92067    -0.91800    -0.90048    -0.88390    -0.85344    -0.84328
    -0.83846    -0.82213    -0.79381    -0.77559    -0.76224    -0.73466
    -0.73359    -0.71307    -0.70643    -0.69068    -0.69037    -0.68868
    -0.68692    -0.68258    -0.67960    -0.66581    -0.65821    -0.63418
    -0.62486    -0.61471    -0.59850    -0.59353    -0.58557    -0.58032
    -0.57775    -0.57419    -0.56829    -0.56561    -0.56383    -0.55823
    -0.55615    -0.54076    -0.53737    -0.53518    -0.53251    -0.52935
    -0.52778    -0.52619    -0.52274    -0.52139    -0.51353    -0.50838
    -0.50780    -0.50315    -0.49527    -0.49258    -0.48755    -0.48659
    -0.48416    -0.47551    -0.46555    -0.46270    -0.45658    -0.44747
    -0.43671    -0.43375    -0.42336    -0.42065    -0.41773    -0.40902
    -0.40705    -0.40502    -0.40000    -0.39599    -0.39159    -0.38986
    -0.38443    -0.38123    -0.36764    -0.36394    -0.36083    -0.35488
    -0.34789    -0.33983    -0.33768    -0.32223    -0.30993    -0.30539
    -0.30402    -0.28656    -0.06107    -0.01410     0.00186     0.00323
     0.02386     0.02734     0.06324     0.06361     0.09280     0.10133
 
  Peak memory usage:    747 Mb
  
  end of program scf
   
 Time(scf)  user:      442.0  user+sys:      444.0  wallclock:      929.1
  
  start of program sole
  
    SCRF                   solvation energy
  iteration          Hartrees            kcal/mol
     0               0.0000000            0.0000
     1              -0.0218522          -13.7124
     2              -0.0235442          -14.7742
     3              -0.0238513          -14.9669
     4              -0.0236630          -14.8488
     5              -0.0238531          -14.9680
     6              -0.0238221          -14.9486
  
  stopping: solvation energy converged
  
  iterations:   6    sfinal:    -14.9486 kcal/mol
  
  Peak memory usage:    623 Mb
  
  end of program sole
   
 Time(sole)  user:        0.0  user+sys:        0.0  wallclock:        0.4
  
  start of program post
  
  Writing input files for PBF
  Peak memory usage:    524 Mb
  
  end of program post
   
 Time(post)  user:        0.0  user+sys:        0.0  wallclock:        0.5

 Total cpu seconds     user:    9113.000   user+sys:    9161.000
  
 Total elapsed time:    19382 seconds

Job ModelCatalyst-8BindtoN-4-TS-fine-grid-uf-acc-sol_3 completed on tethys at Thu Jan 26 02:49:02 2017
