[running at reduced cpu priority]
Job ModelCatalyst-8BindtoN-5-TS-fine-grid-uf-acc-sol_canonical1 started on tethys at Mon Jan 30 10:28:15 2017
jobid: tethys-0-588f153e 
Jaguar version 8.4, release  16
Molecular Point Group: C1      
Point Group used: C1
pre (input checking) done.
onee (1-electron integrals) done.
hfig (HF initial guess) done.
probe (project orbitals) done.
grid (grid generation) done.
rwr (Q operators) done.
scf type: DFT=M06-2X
  
       i  u  d  i  g
       t  p  i  c  r                                 RMS    maximum
       e  d  i  u  i                       energy  density   DIIS  
       r  t  s  t  d       total energy    change  change    error 
  
etot    1  N  N  1  U   -2987.76541130927           4.9E-03  1.4E-01
etot    2  N  Y  1  U   -2990.57206864469  2.8E+00  4.5E-03  1.1E-01
etot    3  N  Y  1  U   -2991.50847747758  9.4E-01  3.2E-03  1.3E-01
etot    4  N  Y  1  U   -2993.94022186373  2.4E+00  9.1E-04  2.9E-02
etot    5  N  Y  1  U   -2994.03997136052  1.0E-01  4.5E-04  1.6E-02
etot    6  N  Y  1  U   -2994.09747619571  5.8E-02  1.4E-04  4.6E-03
etot    7  N  Y  1  U   -2994.10171693900  4.2E-03  4.7E-05  1.8E-03
etot    8  N  Y  1  U   -2994.10236734982  6.5E-04  1.6E-05  4.1E-04
etot    9  N  Y  1  U   -2994.10242011284  5.3E-05  6.5E-06  2.8E-04
etot   10  N  N  1  U   -2994.10243321707  1.3E-05  0.0E+00  0.0E+00
scf (DFT) done.
--------gas phase calculation complete----------------------
ch (properties) done.
post (output conversion) done.
pbf (Poisson-Boltzmann solver) done.
solv (solvation checking) done.
  
       i  u  d  i  g
       t  p  i  c  r                                 RMS    maximum
       e  d  i  u  i                       energy  density   DIIS  
       r  t  s  t  d       total energy    change  change    error 
  
etot    1  N  N  1  U   -2994.13778141571           1.3E-04  1.5E-03
etot    2  N  Y  1  U   -2994.13872343304  9.4E-04  4.3E-05  1.4E-03
etot    3  N  Y  1  U   -2994.13896425030  2.4E-04  1.4E-05  6.7E-04
etot    4  N  Y  1  U   -2994.13902780649  6.4E-05  6.1E-06  1.8E-04
etot    5  N  N  1  U   -2994.13903417915  6.4E-06  0.0E+00  0.0E+00
scf (DFT) done.
sole (solvation energy) done.
----------solvation iteration  1 complete------------------
ch (properties) done.
post (output conversion) done.
pbf (Poisson-Boltzmann solver) done.
solv (solvation checking) done.
  
       i  u  d  i  g
       t  p  i  c  r                                 RMS    maximum
       e  d  i  u  i                       energy  density   DIIS  
       r  t  s  t  d       total energy    change  change    error 
  
etot    1  N  N  1  U   -2994.14204940454           1.7E-05  2.2E-04
etot    2  N  N  1  U   -2994.14205675994  7.4E-06  0.0E+00  0.0E+00
scf (DFT) done.
sole (solvation energy) done.
----------solvation iteration  2 complete------------------
ch (properties) done.
post (output conversion) done.
pbf (Poisson-Boltzmann solver) done.
solv (solvation checking) done.
  
       i  u  d  i  g
       t  p  i  c  r                                 RMS    maximum
       e  d  i  u  i                       energy  density   DIIS  
       r  t  s  t  d       total energy    change  change    error 
  
etot    1  N  N  1  U   -2994.14248455257           1.5E-05  2.3E-04
etot    2  N  N  1  U   -2994.14246590301 -1.9E-05  0.0E+00  0.0E+00
scf (DFT) done.
sole (solvation energy) done.
----------solvation iteration  3 complete------------------
ch (properties) done.
post (output conversion) done.
pbf (Poisson-Boltzmann solver) done.
solv (solvation checking) done.
  
       i  u  d  i  g
       t  p  i  c  r                                 RMS    maximum
       e  d  i  u  i                       energy  density   DIIS  
       r  t  s  t  d       total energy    change  change    error 
  
etot    1  N  N  1  U   -2994.14235441193           2.2E-05  3.7E-04
etot    2  N  Y  1  U   -2994.14229763853 -5.7E-05  1.4E-05  6.3E-04
etot    3  N  Y  1  U   -2994.14238147968  8.4E-05  4.6E-07  1.4E-05
etot    4  N  N  1  U   -2994.14238142653 -5.3E-08  0.0E+00  0.0E+00
scf (DFT) done.
sole (solvation energy) done.
----final solvation iteration  4 complete------------------
post (output conversion) done.
Job ModelCatalyst-8BindtoN-5-TS-fine-grid-uf-acc-sol_canonical1 completed on tethys at Mon Jan 30 15:07:26 2017
