Job ModelCatalyst-8BindtoN-5-TS-fine-grid-uf-acc-sol_4_co started on tethys at Wed Jan 25 10:54:23 2017
jobid: tethys-0-588883dd

  +--------------------------------------------------------------------+
  |  Jaguar version 8.4, release  16                                   |
  |                                                                    |
  |  Copyright Schrodinger, Inc.                                       |
  |  All Rights Reserved.                                              |
  |                                                                    |
  |  The following have contributed to Jaguar (listed alphabetically): |
  |  Mike Beachy, Art Bochevarov, Dale Braden, Yixiang Cao,            |
  |  Chris Cortis, Rich Friesner, Bill Goddard, Hod Greeley,           |
  |  Tom Hughes, Jean-Marc Langlois, Daniel Mainz, Rob Murphy,         |
  |  Dean Philipp, Tom Pollard, Murco Ringnalda.                       |
  |                                                                    |
  |  Use of this program should be acknowledged in publications as:    |
  |                                                                    |
  |  Jaguar, version 8.4, Schrodinger, Inc., New York, NY, 2013.       |
  |                                                                    |
  |  A. D. Bochevarov, E. Harder, T. F. Hughes, J. R. Greenwood,       |
  |  D. A. Braden, D. M. Philipp, D. Rinaldo, M. D. Halls,             |
  |  J. Zhang, R. A. Friesner, "Jaguar: A High-Performance Quantum     |
  |  Chemistry Software Program with Strengths in Life and Materials   |
  |  Sciences", Int. J. Quantum Chem., 2013, 113(18), 2110-2142.       |
  +--------------------------------------------------------------------+
  
  start of program pre
  
  Job name: ModelCatalyst-8BindtoN-5-TS-fine-grid-uf-acc-sol_4_co
  Executables used: /usr/local/shared/schrodinger/current/jaguar-v84016/bin/Linux-x86_64
  Temporary files : /home/ab2144/.schrodinger/tmp/ModelCatalyst-8BindtoN-5-TS-fine-grid-uf-acc-sol_4_co
  Maestro file (input):  ModelCatalyst-8BindtoN-5-TS-fine-grid-uf-acc-sol_4_co.mae
  Maestro file (output): ModelCatalyst-8BindtoN-5-TS-fine-grid-uf-acc-sol_4_co.01.mae
  
  
  basis set:             6-31g**         
  net molecular charge:    0
  multiplicity:            1
  
  keygrid settings 
    wispc.....   7.500E-01
    ldens.....   0
    denspc....   7.500E-01
  
   grid     daf set  nls  grid set  Q type
  ------    -------  ---  --------  ------
  coarse       1      1       1        1
  medium       2      2       2        1
  fine         3      2       3        0
  ultrafine    4      2       4        1
  charge       0      1      -1        1
  gradient     5      2       4        1
  density      0      1       0        0
  DFT-fine     0      1     -13        0
  DFT-med.     0      1     -13        0
  DFT-grad     0      1     -13        0
  DFT-der2     0      1       0        0
  DFT-cphf     0      1       0        0
  LMP2-enrg    4      2       4        1
  LMP2-grad    5      2       2        1
  DFT-cphf2    0      1       0        0
  PBF-dens     0      1       0        0
  plotting     0      1       0        0
  
  idftgrdm  100
  ndftgrdm   50    0    0
  idftgrdf  111
  ndftgrdf   85    0    0
  idftgrdg  111
  ndftgrdg   80    3    0
  idftgrdu  433
  ndftgrdu  105    0    0
  idftgrdd  433
  ndftgrdd  105    0    0
  idftgrdc  433
  ndftgrdc   26    0    0
  idftgrdp  433
  ndftgrdp   18    0    0
  
  number of basis functions....          682
  
 Input geometry:
                                   angstroms
  atom               x                 y                 z
  C1            5.0394000000     -1.0543000000     -0.0386000000 
  C2            5.7718000000     -0.0997000000     -0.6466000000 
  C3            4.9371000000      0.7617000000     -1.4977000000 
  C4            4.2137000000      0.0299000000     -2.3578000000 
  H5            6.8091000000      0.0436000000     -0.3576000000 
  H6            5.4337000000     -1.7363000000      0.7089000000 
  H7            4.5938000000     -0.8763000000     -2.8256000000 
  H8            4.5120000000      1.6696000000     -1.0755000000 
  O9            3.6794000000     -1.2968000000     -0.1910000000 
  P10           2.3405000000     -0.7526000000     -0.9975000000 
  O11           2.8136000000      0.0907000000     -2.3361000000 
  O12           1.6083000000     -1.9975000000     -1.4266000000 
  N13           1.4148000000      0.1415000000     -0.0205000000 
  S14           1.6642000000      1.5570000000      0.6968000000 
  O15           2.7627000000      2.3665000000      0.1540000000 
  O16           0.3623000000      2.1845000000      0.9464000000 
  C17           2.2635000000      1.0412000000      2.3924000000 
  F18           2.4413000000      2.1223000000      3.1568000000 
  F19           1.3707000000      0.2359000000      2.9904000000 
  F20           3.4281000000      0.3830000000      2.2962000000 
  H21          -0.5284000000      0.0338000000     -0.3815000000 
  C22          -2.3430000000     -1.1870000000     -0.4001000000 
  N23          -1.4809000000     -0.0831000000     -0.7523000000 
  S24          -1.9399000000      1.0320000000     -1.8953000000 
  O25          -0.7250000000      1.6222000000     -2.4523000000 
  O26          -2.9356000000      0.3622000000     -2.7459000000 
  C27          -4.1085000000      4.1765000000      0.5029000000 
  C28          -4.5919000000      2.8799000000      0.3127000000 
  N29          -3.9436000000      1.9571000000     -0.4064000000 
  C30          -2.7879000000      2.3272000000     -0.9504000000 
  C31          -2.1947000000      3.5794000000     -0.8217000000 
  C32          -2.8883000000      4.5287000000     -0.0708000000 
  H33          -4.6763000000      4.8865000000      1.0952000000 
  H34          -5.5349000000      2.5683000000      0.7559000000 
  H35          -1.2329000000      3.7799000000     -1.2759000000 
  H36          -2.4758000000      5.5231000000      0.0680000000 
  C37          -2.1543000000     -2.4635000000      3.7299000000 
  C38          -0.9891000000     -2.0536000000      3.0821000000 
  C39          -1.0288000000     -1.6365000000      1.7505000000 
  C40          -2.2433000000     -1.6159000000      1.0548000000 
  C41          -3.4116000000     -2.0177000000      1.7162000000 
  C42          -3.3693000000     -2.4433000000      3.0432000000 
  H43          -2.1193000000     -2.7841000000      4.7670000000 
  H44          -0.0420000000     -2.0412000000      3.6120000000 
  H45          -0.1125000000     -1.3025000000      1.2752000000 
  H46          -4.3654000000     -1.9817000000      1.1949000000 
  H47          -4.2856000000     -2.7436000000      3.5430000000 
  H48          -3.3721000000     -0.8821000000     -0.6042000000 
  C49          -0.7954000000     -4.2129000000     -1.0779000000 
  C50          -2.1593000000     -4.6821000000     -1.0264000000 
  C51          -2.9460000000     -3.5975000000     -1.2305000000 
  C52          -2.0934000000     -2.3935000000     -1.4133000000 
  H53           0.1160000000     -4.7873000000     -0.9539000000 
  H54          -2.4597000000     -5.7059000000     -0.8536000000 
  H55          -4.0276000000     -3.5707000000     -1.2606000000 
  H56          -2.2372000000     -1.9396000000     -2.4039000000 
  N57          -0.7475000000     -2.9335000000     -1.3079000000 
  H58           0.1976000000     -2.3930000000     -1.3768000000 
   
  principal moments of inertia:
        amu*angstrom^2:     4532.70679     6451.87921     7343.76049
                g*cm^2: 7.52673577E-37 1.07135961E-36 1.21945997E-36
   
  rotational constants:
               cm^(-1):      0.00371911      0.00261282      0.00229550
                   GHz:      0.11149607      0.07833051      0.06881747
   
  Molecular weight:     592.05 amu
   
  Stoichiometry: C21PN4H20S2O7F3
  Molecular Point Group: C1      
  Point Group used: C1
  
  nuclear repulsion energy.......    5597.033119371 hartrees
 
 Non-default options chosen:
   SCF calculation type: DFT(m06-2x)                 
   DFT=M06-2X
   Solvation energy will be computed using PBF
     -solute cavity energy will not be included
     -surface area terms will not be included
   Highest accuracy cutoffs used in SCF
   Solvent: other                                                           
   Internal dielectric constant:    1.000
   Continuum dielectric constant:   2.380
   Solvent probe molecule radius:   2.760
  
 Temporary integer options set:
     73=  2
  
  atom       vdw   vdw2    cov     mass  grid  daf  charge   basis
  C1        1.949  1.900  0.770   12.000    Y    Y      Y    6-31g**
  C2        1.949  1.900  0.770   12.000    Y    Y      Y    6-31g**
  C3        1.949  1.900  0.770   12.000    Y    Y      Y    6-31g**
  C4        1.949  1.900  0.770   12.000    Y    Y      Y    6-31g**
  H5        1.597  1.150  0.320    1.008    Y    Y      Y    6-31g**
  H6        1.597  1.150  0.320    1.008    Y    Y      Y    6-31g**
  H7        1.597  1.150  0.320    1.008    Y    Y      Y    6-31g**
  H8        1.597  1.150  0.320    1.008    Y    Y      Y    6-31g**
  O9        1.702  1.600  0.730   15.995    Y    Y      Y    6-31g**
  P10       2.147  2.074  1.060   30.974    Y    Y      Y    6-31g**
  O11       1.702  1.600  0.730   15.995    Y    Y      Y    6-31g**
  O12       1.702  1.600  0.730   15.995    Y    Y      Y    6-31g**
  N13       1.831  1.600  0.750   14.003    Y    Y      Y    6-31g**
  S14       2.070  1.900  1.020   31.972    Y    Y      Y    6-31g**
  O15       1.702  1.600  0.730   15.995    Y    Y      Y    6-31g**
  O16       1.702  1.600  0.730   15.995    Y    Y      Y    6-31g**
  C17       1.949  1.900  0.770   12.000    Y    Y      Y    6-31g**
  F18       1.736  1.682  0.720   18.998    Y    Y      Y    6-31g**
  F19       1.736  1.682  0.720   18.998    Y    Y      Y    6-31g**
  F20       1.736  1.682  0.720   18.998    Y    Y      Y    6-31g**
  H21       1.597  1.150  0.320    1.008    Y    Y      Y    6-31g**
  C22       1.949  1.900  0.770   12.000    Y    Y      Y    6-31g**
  N23       1.831  1.600  0.750   14.003    Y    Y      Y    6-31g**
  S24       2.070  1.900  1.020   31.972    Y    Y      Y    6-31g**
  O25       1.702  1.600  0.730   15.995    Y    Y      Y    6-31g**
  O26       1.702  1.600  0.730   15.995    Y    Y      Y    6-31g**
  C27       1.949  1.900  0.770   12.000    Y    Y      Y    6-31g**
  C28       1.949  1.900  0.770   12.000    Y    Y      Y    6-31g**
  N29       1.831  1.600  0.750   14.003    Y    Y      Y    6-31g**
  C30       1.949  1.900  0.770   12.000    Y    Y      Y    6-31g**
  C31       1.949  1.900  0.770   12.000    Y    Y      Y    6-31g**
  C32       1.949  1.900  0.770   12.000    Y    Y      Y    6-31g**
  H33       1.597  1.150  0.320    1.008    Y    Y      Y    6-31g**
  H34       1.597  1.150  0.320    1.008    Y    Y      Y    6-31g**
  H35       1.597  1.150  0.320    1.008    Y    Y      Y    6-31g**
  H36       1.597  1.150  0.320    1.008    Y    Y      Y    6-31g**
  C37       1.949  1.900  0.770   12.000    Y    Y      Y    6-31g**
  C38       1.949  1.900  0.770   12.000    Y    Y      Y    6-31g**
  C39       1.949  1.900  0.770   12.000    Y    Y      Y    6-31g**
  C40       1.949  1.900  0.770   12.000    Y    Y      Y    6-31g**
  C41       1.949  1.900  0.770   12.000    Y    Y      Y    6-31g**
  C42       1.949  1.900  0.770   12.000    Y    Y      Y    6-31g**
  H43       1.597  1.150  0.320    1.008    Y    Y      Y    6-31g**
  H44       1.597  1.150  0.320    1.008    Y    Y      Y    6-31g**
  H45       1.597  1.150  0.320    1.008    Y    Y      Y    6-31g**
  H46       1.597  1.150  0.320    1.008    Y    Y      Y    6-31g**
  H47       1.597  1.150  0.320    1.008    Y    Y      Y    6-31g**
  H48       1.597  1.150  0.320    1.008    Y    Y      Y    6-31g**
  C49       1.949  1.900  0.770   12.000    Y    Y      Y    6-31g**
  C50       1.949  1.900  0.770   12.000    Y    Y      Y    6-31g**
  C51       1.949  1.900  0.770   12.000    Y    Y      Y    6-31g**
  C52       1.949  1.900  0.770   12.000    Y    Y      Y    6-31g**
  H53       1.597  1.150  0.320    1.008    Y    Y      Y    6-31g**
  H54       1.597  1.150  0.320    1.008    Y    Y      Y    6-31g**
  H55       1.597  1.150  0.320    1.008    Y    Y      Y    6-31g**
  H56       1.597  1.150  0.320    1.008    Y    Y      Y    6-31g**
  N57       1.831  1.600  0.750   14.003    Y    Y      Y    6-31g**
  H58       1.597  1.150  0.320    1.008    Y    Y      Y    6-31g**
  
  Peak memory usage:    514 Mb
  
  end of program pre
   
 Time(pre)  user:        0.0  user+sys:        0.0  wallclock:        0.6
  
  start of program onee
  
  smallest eigenvalue of S:    4.326E-04
  number of canonical orbitals.....          681
  Peak memory usage:    658 Mb
  
  end of program onee
   
 Time(onee)  user:        1.0  user+sys:        1.0  wallclock:        3.3

 Total cpu seconds     user:       1.000   user+sys:       1.000
  
 Total elapsed time:    6 seconds

Job ModelCatalyst-8BindtoN-5-TS-fine-grid-uf-acc-sol_4_co completed on tethys at Wed Jan 25 10:54:29 2017
