Command:    jaguar run jexec.py -jobname ModelCatalyst-10Sulfonyl-1-TS-scan-unrestrained-207.1-SPE -nsubjobs 1 ModelCatalyst-10Sulfonyl-1-TS-scan-unrestrained-207.1-SPE.in
[running at reduced cpu priority]
Release:    2017-1
Exec:       /usr/local/shared/schrodinger/current/jaguar-v9.5/bin/Linux-x86_64
Host:       tethys
JobId:      tethys-0-58bff499
JobDir:     /scratch/ab2144/ModelCatalyst-10Sulfonyl-1-TS-scan-unrestrained-207.1-SPE
Date:       Wed Mar  8 12:10:04 2017

Contents of /scratch/ab2144/ModelCatalyst-10Sulfonyl-1-TS-scan-unrestrained-207.1-SPE:
/scratch/ab2144/ModelCatalyst-10Sulfonyl-1-TS-scan-unrestrained-207.1-SPE/tethys-0-58bff499
/scratch/ab2144/ModelCatalyst-10Sulfonyl-1-TS-scan-unrestrained-207.1-SPE/ModelCatalyst-10Sulfonyl-1-TS-scan-unrestrained-207.1-SPE.mae
/scratch/ab2144/ModelCatalyst-10Sulfonyl-1-TS-scan-unrestrained-207.1-SPE/tethys-0-58bff499.nodes
/scratch/ab2144/ModelCatalyst-10Sulfonyl-1-TS-scan-unrestrained-207.1-SPE/ModelCatalyst-10Sulfonyl-1-TS-scan-unrestrained-207.1-SPE.log
/scratch/ab2144/ModelCatalyst-10Sulfonyl-1-TS-scan-unrestrained-207.1-SPE/ModelCatalyst-10Sulfonyl-1-TS-scan-unrestrained-207.1-SPE.in
/scratch/ab2144/ModelCatalyst-10Sulfonyl-1-TS-scan-unrestrained-207.1-SPE/tethys-0-58bff499.recover
/scratch/ab2144/ModelCatalyst-10Sulfonyl-1-TS-scan-unrestrained-207.1-SPE/ModelCatalyst-10Sulfonyl-1-TS-scan-unrestrained-207.1-SPE.recover

Executing subprocess:
/usr/local/shared/schrodinger/current/jaguar-v9.5/bin/Linux-x86_64/jexec ModelCatalyst-10Sulfonyl-1-TS-scan-unrestrained-207.1-SPE.in -cwd -out /scratch/ab2144/ModelCatalyst-10Sulfonyl-1-TS-scan-unrestrained-207.1-SPE

[running at reduced cpu priority]
[running at reduced cpu priority]
Job ModelCatalyst-10Sulfonyl-1-TS-scan-unrestrained-207.1-SPE started on tethys at Wed Mar  8 12:10:04 2017
jobid: tethys-0-58bff499 
Jaguar version 9.5, release  11
Molecular Point Group: C1      
Point Group used: C1
pre (input checking) done.
onee (1-electron integrals) done.
hfig (HF initial guess) done.
probe (project orbitals) done.
grid (grid generation) done.
rwr (Q operators) done.
scf type: DFT=M06-2X
  
       i  u  d  i  g
       t  p  i  c  r                                 RMS    maximum
       e  d  i  u  i                       energy  density   DIIS  
       r  t  s  t  d       total energy    change  change    error 
  
etot    1  N  N  1  U   -2987.77418931057           4.9E-03  1.3E-01
etot    2  N  Y  1  U   -2990.67762494567  2.9E+00  4.4E-03  9.7E-02
etot    3  N  Y  1  U   -2991.77273914108  1.1E+00  3.2E-03  9.6E-02
etot    4  N  Y  1  U   -2993.97317535545  2.2E+00  8.8E-04  2.3E-02
etot    5  N  Y  1  U   -2994.05684483218  8.4E-02  4.4E-04  1.6E-02
etot    6  N  Y  1  U   -2994.10688420756  5.0E-02  1.3E-04  5.0E-03
etot    7  N  Y  1  U   -2994.11099465659  4.1E-03  4.1E-05  1.5E-03
etot    8  N  Y  1  U   -2994.11148158699  4.9E-04  1.3E-05  4.0E-04
etot    9  N  N  1  U   -2994.11151377356  3.2E-05  0.0E+00  0.0E+00
scf (DFT) done.
--------gas phase calculation complete----------------------
ch (properties) done.
post (output conversion) done.
pbf (Poisson-Boltzmann solver) done.
solv (solvation checking) done.
  
       i  u  d  i  g
       t  p  i  c  r                                 RMS    maximum
       e  d  i  u  i                       energy  density   DIIS  
       r  t  s  t  d       total energy    change  change    error 
  
etot    1  N  N  1  U   -2994.14149901814           1.2E-04  1.1E-03
etot    2  N  Y  1  U   -2994.14222918305  7.3E-04  3.8E-05  9.6E-04
etot    3  N  Y  1  U   -2994.14245051967  2.2E-04  1.2E-05  5.8E-04
etot    4  N  N  1  U   -2994.14249537110  4.5E-05  0.0E+00  0.0E+00
scf (DFT) done.
sole (solvation energy) done.
----------solvation iteration  1 complete------------------
ch (properties) done.
post (output conversion) done.
pbf (Poisson-Boltzmann solver) done.
solv (solvation checking) done.
  
       i  u  d  i  g
       t  p  i  c  r                                 RMS    maximum
       e  d  i  u  i                       energy  density   DIIS  
       r  t  s  t  d       total energy    change  change    error 
  
etot    1  N  N  1  U   -2994.14490516187           1.5E-05  1.3E-04
etot    2  N  N  1  U   -2994.14491694660  1.2E-05  0.0E+00  0.0E+00
scf (DFT) done.
sole (solvation energy) done.
----------solvation iteration  2 complete------------------
ch (properties) done.
post (output conversion) done.
pbf (Poisson-Boltzmann solver) done.
solv (solvation checking) done.
  
       i  u  d  i  g
       t  p  i  c  r                                 RMS    maximum
       e  d  i  u  i                       energy  density   DIIS  
       r  t  s  t  d       total energy    change  change    error 
  
etot    1  N  N  1  U   -2994.14525108590           9.7E-06  1.6E-04
etot    2  N  N  1  U   -2994.14524420503 -6.9E-06  0.0E+00  0.0E+00
scf (DFT) done.
sole (solvation energy) done.
----------solvation iteration  3 complete------------------
ch (properties) done.
post (output conversion) done.
pbf (Poisson-Boltzmann solver) done.
solv (solvation checking) done.
  
       i  u  d  i  g
       t  p  i  c  r                                 RMS    maximum
       e  d  i  u  i                       energy  density   DIIS  
       r  t  s  t  d       total energy    change  change    error 
  
etot    1  N  N  1  U   -2994.14522686802           1.5E-05  2.0E-04
etot    2  N  N  1  U   -2994.14520556813 -2.1E-05  0.0E+00  0.0E+00
scf (DFT) done.
sole (solvation energy) done.
----final solvation iteration  4 complete------------------
post (output conversion) done.
Job ModelCatalyst-10Sulfonyl-1-TS-scan-unrestrained-207.1-SPE completed on tethys at Wed Mar  8 14:17:39 2017
Timer (jaguar_backend.py) : 7655.08 secs (2 hrs, 07 mins, 35 secs)
Finished:   Wed Mar  8 14:17:39 2017
