Job ModelCatalyst-10Sulfonyl-3-TS-fine-grid-uf-acc-sol_1_co started on tethys at Mon Jan 30 11:33:45 2017
jobid: tethys-0-588f2497

  +--------------------------------------------------------------------+
  |  Jaguar version 8.4, release  16                                   |
  |                                                                    |
  |  Copyright Schrodinger, Inc.                                       |
  |  All Rights Reserved.                                              |
  |                                                                    |
  |  The following have contributed to Jaguar (listed alphabetically): |
  |  Mike Beachy, Art Bochevarov, Dale Braden, Yixiang Cao,            |
  |  Chris Cortis, Rich Friesner, Bill Goddard, Hod Greeley,           |
  |  Tom Hughes, Jean-Marc Langlois, Daniel Mainz, Rob Murphy,         |
  |  Dean Philipp, Tom Pollard, Murco Ringnalda.                       |
  |                                                                    |
  |  Use of this program should be acknowledged in publications as:    |
  |                                                                    |
  |  Jaguar, version 8.4, Schrodinger, Inc., New York, NY, 2013.       |
  |                                                                    |
  |  A. D. Bochevarov, E. Harder, T. F. Hughes, J. R. Greenwood,       |
  |  D. A. Braden, D. M. Philipp, D. Rinaldo, M. D. Halls,             |
  |  J. Zhang, R. A. Friesner, "Jaguar: A High-Performance Quantum     |
  |  Chemistry Software Program with Strengths in Life and Materials   |
  |  Sciences", Int. J. Quantum Chem., 2013, 113(18), 2110-2142.       |
  +--------------------------------------------------------------------+
  
  start of program pre
  
  Job name: ModelCatalyst-10Sulfonyl-3-TS-fine-grid-uf-acc-sol_1_co
  Executables used: /usr/local/shared/schrodinger/current/jaguar-v84016/bin/Linux-x86_64
  Temporary files : /home/ab2144/.schrodinger/tmp/ModelCatalyst-10Sulfonyl-3-TS-fine-grid-uf-acc-sol_1_co
  Maestro file (input):  ModelCatalyst-10Sulfonyl-3-TS-fine-grid-uf-acc-sol_1_co.mae
  Maestro file (output): ModelCatalyst-10Sulfonyl-3-TS-fine-grid-uf-acc-sol_1_co.01.mae
  
  
  basis set:             6-31g**         
  net molecular charge:    0
  multiplicity:            1
  
  keygrid settings 
    wispc.....   7.500E-01
    ldens.....   0
    denspc....   7.500E-01
  
   grid     daf set  nls  grid set  Q type
  ------    -------  ---  --------  ------
  coarse       1      1       1        1
  medium       2      2       2        1
  fine         3      2       3        0
  ultrafine    4      2       4        1
  charge       0      1      -1        1
  gradient     5      2       4        1
  density      0      1       0        0
  DFT-fine     0      1     -13        0
  DFT-med.     0      1     -13        0
  DFT-grad     0      1     -13        0
  DFT-der2     0      1       0        0
  DFT-cphf     0      1       0        0
  LMP2-enrg    4      2       4        1
  LMP2-grad    5      2       2        1
  DFT-cphf2    0      1       0        0
  PBF-dens     0      1       0        0
  plotting     0      1       0        0
  
  idftgrdm  100
  ndftgrdm   50    0    0
  idftgrdf  111
  ndftgrdf   85    0    0
  idftgrdg  111
  ndftgrdg   80    3    0
  idftgrdu  433
  ndftgrdu  105    0    0
  idftgrdd  433
  ndftgrdd  105    0    0
  idftgrdc  433
  ndftgrdc   26    0    0
  idftgrdp  433
  ndftgrdp   18    0    0
  
  number of basis functions....          682
  
 Input geometry:
                                   angstroms
  atom               x                 y                 z
  C1            5.5370000000      0.7099000000     -0.5295000000 
  C2            6.0771000000     -0.5078000000     -0.3101000000 
  C3            5.2334000000     -1.3567000000      0.5454000000 
  C4            4.8589000000     -0.6917000000      1.6546000000 
  H5            6.9675000000     -0.7999000000     -0.8599000000 
  H6            5.9777000000      1.4544000000     -1.1858000000 
  H7            5.5286000000      0.0043000000      2.1567000000 
  H8            4.5639000000     -2.0802000000      0.0885000000 
  O9            4.3573000000      1.2146000000      0.0084000000 
  P10           3.0099000000      0.5166000000      0.6572000000 
  O11           3.5156000000     -0.4392000000      1.9369000000 
  O12           2.1545000000      1.6184000000      1.1955000000 
  N13           2.4588000000     -0.4056000000     -0.5626000000 
  S14           1.0676000000     -1.1460000000     -0.5381000000 
  O15           0.3728000000     -1.1848000000      0.7684000000 
  O16           0.2289000000     -0.7802000000     -1.7096000000 
  C17           1.5536000000     -2.9120000000     -0.8994000000 
  F18           2.1857000000     -2.9983000000     -2.0692000000 
  F19           2.3629000000     -3.3693000000      0.0674000000 
  F20           0.4594000000     -3.6862000000     -0.9396000000 
  H21          -1.4194000000     -0.0331000000     -1.4103000000 
  C22          -2.1797000000      1.6772000000     -0.4136000000 
  N23          -2.2612000000      0.4873000000     -1.1083000000 
  S24          -3.7316000000     -0.3706000000     -1.1893000000 
  O25          -4.7613000000      0.5428000000     -0.6764000000 
  O26          -3.8021000000     -0.9494000000     -2.5236000000 
  C27          -3.2418000000     -3.7570000000      1.7446000000 
  C28          -2.3212000000     -3.4739000000      0.7313000000 
  N29          -2.4848000000     -2.4656000000     -0.1306000000 
  C30          -3.5617000000     -1.7101000000      0.0237000000 
  C31          -4.5460000000     -1.8817000000      0.9942000000 
  C32          -4.3714000000     -2.9509000000      1.8749000000 
  H33          -3.0687000000     -4.5909000000      2.4165000000 
  H34          -1.4199000000     -4.0650000000      0.6047000000 
  H35          -5.3961000000     -1.2123000000      1.0459000000 
  H36          -5.1048000000     -3.1455000000      2.6514000000 
  C37           0.3558000000      4.8960000000     -1.6538000000 
  C38           0.7095000000      3.5851000000     -1.9852000000 
  C39          -0.0883000000      2.5143000000     -1.5926000000 
  C40          -1.2628000000      2.7513000000     -0.8591000000 
  C41          -1.6138000000      4.0724000000     -0.5287000000 
  C42          -0.8090000000      5.1387000000     -0.9262000000 
  H43           0.9849000000      5.7242000000     -1.9660000000 
  H44           1.6143000000      3.3922000000     -2.5525000000 
  H45           0.2040000000      1.5048000000     -1.8603000000 
  H46          -2.5284000000      4.2609000000      0.0253000000 
  H47          -1.0965000000      6.1551000000     -0.6745000000 
  H48          -3.1726000000      2.0416000000     -0.1789000000 
  C49          -0.7357000000      2.9715000000      2.5896000000 
  C50          -2.1246000000      2.9550000000      2.8792000000 
  C51          -2.6411000000      1.8434000000      2.2453000000 
  C52          -1.5876000000      1.2284000000      1.4780000000 
  H53           0.0224000000      3.6764000000      2.9039000000 
  H54          -2.6518000000      3.6825000000      3.4794000000 
  H55          -3.6715000000      1.5133000000      2.2373000000 
  H56          -1.4570000000      0.1656000000      1.3121000000 
  N57          -0.4257000000      1.9346000000      1.8216000000 
  H58           0.5492000000      1.7135000000      1.5086000000 
   
  principal moments of inertia:
        amu*angstrom^2:     4318.97158     6300.00383     8422.29197
                g*cm^2: 7.17182014E-37 1.04614012E-36 1.39855431E-36
   
  rotational constants:
               cm^(-1):      0.00390316      0.00267581      0.00200155
                   GHz:      0.11701374      0.08021884      0.06000493
   
  Molecular weight:     592.05 amu
   
  Stoichiometry: C21PN4H20S2O7F3
  Molecular Point Group: C1      
  Point Group used: C1
  
  nuclear repulsion energy.......    5560.594157437 hartrees
 
 Non-default options chosen:
   SCF calculation type: DFT(m06-2x)                 
   DFT=M06-2X
   Solvation energy will be computed using PBF
     -solute cavity energy will not be included
     -surface area terms will not be included
   Highest accuracy cutoffs used in SCF
   Solvent: other                                                           
   Internal dielectric constant:    1.000
   Continuum dielectric constant:   2.380
   Solvent probe molecule radius:   2.760
  
 Temporary integer options set:
     73=  2
  
  atom       vdw   vdw2    cov     mass  grid  daf  charge   basis
  C1        1.949  1.900  0.770   12.000    Y    Y      Y    6-31g**
  C2        1.949  1.900  0.770   12.000    Y    Y      Y    6-31g**
  C3        1.949  1.900  0.770   12.000    Y    Y      Y    6-31g**
  C4        1.949  1.900  0.770   12.000    Y    Y      Y    6-31g**
  H5        1.597  1.150  0.320    1.008    Y    Y      Y    6-31g**
  H6        1.597  1.150  0.320    1.008    Y    Y      Y    6-31g**
  H7        1.597  1.150  0.320    1.008    Y    Y      Y    6-31g**
  H8        1.597  1.150  0.320    1.008    Y    Y      Y    6-31g**
  O9        1.702  1.600  0.730   15.995    Y    Y      Y    6-31g**
  P10       2.147  2.074  1.060   30.974    Y    Y      Y    6-31g**
  O11       1.702  1.600  0.730   15.995    Y    Y      Y    6-31g**
  O12       1.702  1.600  0.730   15.995    Y    Y      Y    6-31g**
  N13       1.831  1.600  0.750   14.003    Y    Y      Y    6-31g**
  S14       2.070  1.900  1.020   31.972    Y    Y      Y    6-31g**
  O15       1.702  1.600  0.730   15.995    Y    Y      Y    6-31g**
  O16       1.702  1.600  0.730   15.995    Y    Y      Y    6-31g**
  C17       1.949  1.900  0.770   12.000    Y    Y      Y    6-31g**
  F18       1.736  1.682  0.720   18.998    Y    Y      Y    6-31g**
  F19       1.736  1.682  0.720   18.998    Y    Y      Y    6-31g**
  F20       1.736  1.682  0.720   18.998    Y    Y      Y    6-31g**
  H21       1.597  1.150  0.320    1.008    Y    Y      Y    6-31g**
  C22       1.949  1.900  0.770   12.000    Y    Y      Y    6-31g**
  N23       1.831  1.600  0.750   14.003    Y    Y      Y    6-31g**
  S24       2.070  1.900  1.020   31.972    Y    Y      Y    6-31g**
  O25       1.702  1.600  0.730   15.995    Y    Y      Y    6-31g**
  O26       1.702  1.600  0.730   15.995    Y    Y      Y    6-31g**
  C27       1.949  1.900  0.770   12.000    Y    Y      Y    6-31g**
  C28       1.949  1.900  0.770   12.000    Y    Y      Y    6-31g**
  N29       1.831  1.600  0.750   14.003    Y    Y      Y    6-31g**
  C30       1.949  1.900  0.770   12.000    Y    Y      Y    6-31g**
  C31       1.949  1.900  0.770   12.000    Y    Y      Y    6-31g**
  C32       1.949  1.900  0.770   12.000    Y    Y      Y    6-31g**
  H33       1.597  1.150  0.320    1.008    Y    Y      Y    6-31g**
  H34       1.597  1.150  0.320    1.008    Y    Y      Y    6-31g**
  H35       1.597  1.150  0.320    1.008    Y    Y      Y    6-31g**
  H36       1.597  1.150  0.320    1.008    Y    Y      Y    6-31g**
  C37       1.949  1.900  0.770   12.000    Y    Y      Y    6-31g**
  C38       1.949  1.900  0.770   12.000    Y    Y      Y    6-31g**
  C39       1.949  1.900  0.770   12.000    Y    Y      Y    6-31g**
  C40       1.949  1.900  0.770   12.000    Y    Y      Y    6-31g**
  C41       1.949  1.900  0.770   12.000    Y    Y      Y    6-31g**
  C42       1.949  1.900  0.770   12.000    Y    Y      Y    6-31g**
  H43       1.597  1.150  0.320    1.008    Y    Y      Y    6-31g**
  H44       1.597  1.150  0.320    1.008    Y    Y      Y    6-31g**
  H45       1.597  1.150  0.320    1.008    Y    Y      Y    6-31g**
  H46       1.597  1.150  0.320    1.008    Y    Y      Y    6-31g**
  H47       1.597  1.150  0.320    1.008    Y    Y      Y    6-31g**
  H48       1.597  1.150  0.320    1.008    Y    Y      Y    6-31g**
  C49       1.949  1.900  0.770   12.000    Y    Y      Y    6-31g**
  C50       1.949  1.900  0.770   12.000    Y    Y      Y    6-31g**
  C51       1.949  1.900  0.770   12.000    Y    Y      Y    6-31g**
  C52       1.949  1.900  0.770   12.000    Y    Y      Y    6-31g**
  H53       1.597  1.150  0.320    1.008    Y    Y      Y    6-31g**
  H54       1.597  1.150  0.320    1.008    Y    Y      Y    6-31g**
  H55       1.597  1.150  0.320    1.008    Y    Y      Y    6-31g**
  H56       1.597  1.150  0.320    1.008    Y    Y      Y    6-31g**
  N57       1.831  1.600  0.750   14.003    Y    Y      Y    6-31g**
  H58       1.597  1.150  0.320    1.008    Y    Y      Y    6-31g**
  
  Peak memory usage:    514 Mb
  
  end of program pre
   
 Time(pre)  user:        0.0  user+sys:        0.0  wallclock:        0.5
  
  start of program onee
  
  smallest eigenvalue of S:    4.418E-04
  number of canonical orbitals.....          681
  Peak memory usage:    658 Mb
  
  end of program onee
   
 Time(onee)  user:        2.0  user+sys:        2.0  wallclock:        5.1

 Total cpu seconds     user:       2.000   user+sys:       2.000
  
 Total elapsed time:    9 seconds

Job ModelCatalyst-10Sulfonyl-3-TS-fine-grid-uf-acc-sol_1_co completed on tethys at Mon Jan 30 11:33:54 2017
