Job ModelCatalyst-8BindtoN-4-TS-fine-grid-uf-acc-sol started on tethys at Fri Jan 27 20:52:22 2017
jobid: tethys-0-588bb305

  +--------------------------------------------------------------------+
  |  Jaguar version 8.4, release  16                                   |
  |                                                                    |
  |  Copyright Schrodinger, Inc.                                       |
  |  All Rights Reserved.                                              |
  |                                                                    |
  |  The following have contributed to Jaguar (listed alphabetically): |
  |  Mike Beachy, Art Bochevarov, Dale Braden, Yixiang Cao,            |
  |  Chris Cortis, Rich Friesner, Bill Goddard, Hod Greeley,           |
  |  Tom Hughes, Jean-Marc Langlois, Daniel Mainz, Rob Murphy,         |
  |  Dean Philipp, Tom Pollard, Murco Ringnalda.                       |
  |                                                                    |
  |  Use of this program should be acknowledged in publications as:    |
  |                                                                    |
  |  Jaguar, version 8.4, Schrodinger, Inc., New York, NY, 2013.       |
  |                                                                    |
  |  A. D. Bochevarov, E. Harder, T. F. Hughes, J. R. Greenwood,       |
  |  D. A. Braden, D. M. Philipp, D. Rinaldo, M. D. Halls,             |
  |  J. Zhang, R. A. Friesner, "Jaguar: A High-Performance Quantum     |
  |  Chemistry Software Program with Strengths in Life and Materials   |
  |  Sciences", Int. J. Quantum Chem., 2013, 113(18), 2110-2142.       |
  +--------------------------------------------------------------------+
  
  start of program pre
  
  Job name: ModelCatalyst-8BindtoN-4-TS-fine-grid-uf-acc-sol
  Executables used: /usr/local/shared/schrodinger/current/jaguar-v84016/bin/Linux-x86_64
  Temporary files : /home/ab2144/.schrodinger/tmp/ModelCatalyst-8BindtoN-4-TS-fine-grid-uf-acc-sol
  Maestro file (input):  ModelCatalyst-8BindtoN-4-TS-fine-grid-uf-acc-sol.mae
  Maestro file (output): ModelCatalyst-8BindtoN-4-TS-fine-grid-uf-acc-sol.01.mae
  
  
  basis set:             6-31g**         
  net molecular charge:    0
  multiplicity:            1
  
  keygrid settings 
    wispc.....   7.500E-01
    ldens.....   0
    denspc....   7.500E-01
  
   grid     daf set  nls  grid set  Q type
  ------    -------  ---  --------  ------
  coarse       1      1       1        1
  medium       2      2       2        1
  fine         3      2       3        0
  ultrafine    4      2       4        1
  charge       0      1      -1        1
  gradient     5      2       4        1
  density      0      1       0        0
  DFT-fine     0      1     -13        0
  DFT-med.     0      1     -13        0
  DFT-grad     0      1     -13        0
  DFT-der2     0      1       0        0
  DFT-cphf     0      1       0        0
  LMP2-enrg    4      2       4        1
  LMP2-grad    5      2       2        1
  DFT-cphf2    0      1       0        0
  PBF-dens     0      1       0        0
  plotting     0      1       0        0
  
  idftgrdm  100
  ndftgrdm   50    0    0
  idftgrdf  111
  ndftgrdf   85    0    0
  idftgrdg  111
  ndftgrdg   80    3    0
  idftgrdu  433
  ndftgrdu  105    0    0
  idftgrdd  433
  ndftgrdd  105    0    0
  idftgrdc  433
  ndftgrdc   26    0    0
  idftgrdp  433
  ndftgrdp   18    0    0
  
  number of basis functions....          682
  
 Input geometry:
                                   angstroms
  atom               x                 y                 z
  C1            3.8715000000     -2.5116000000      1.2103000000 
  C2            5.0942000000     -1.9658000000      1.0545000000 
  C3            5.0878000000     -0.9079000000      0.0344000000 
  C4            4.5637000000     -1.3553000000     -1.1166000000 
  H5            5.8861000000     -2.2181000000      1.7535000000 
  H6            3.6322000000     -3.2391000000      1.9806000000 
  H7            4.7232000000     -2.3702000000     -1.4752000000 
  H8            4.9303000000      0.1209000000      0.3465000000 
  O9            2.7170000000     -2.2163000000      0.4991000000 
  P10           2.1497000000     -1.2718000000     -0.7427000000 
  O11           3.4229000000     -0.7522000000     -1.6639000000 
  O12           1.2502000000     -2.1418000000     -1.5620000000 
  N13           1.3384000000     -0.0058000000     -0.1215000000 
  S14           1.8078000000      1.1079000000      0.9396000000 
  O15           0.5964000000      1.7352000000      1.4839000000 
  O16           2.8788000000      0.6802000000      1.8502000000 
  C17           2.5894000000      2.4651000000     -0.0901000000 
  F18           2.8915000000      3.4937000000      0.7120000000 
  F19           3.7129000000      2.0349000000     -0.6786000000 
  F20           1.7487000000      2.8946000000     -1.0388000000 
  H21          -0.5077000000      0.0592000000     -0.3671000000 
  C22          -2.4685000000     -0.8028000000     -0.2847000000 
  N23          -1.5244000000      0.1426000000     -0.5875000000 
  S24          -1.9296000000      1.4872000000     -1.5580000000 
  O25          -0.7155000000      1.8858000000     -2.2593000000 
  O26          -3.1545000000      1.1124000000     -2.2695000000 
  C27          -3.0036000000      4.5817000000      1.5325000000 
  C28          -3.7844000000      3.4549000000      1.2612000000 
  N29          -3.4519000000      2.5449000000      0.3401000000 
  C30          -2.3227000000      2.7567000000     -0.3247000000 
  C31          -1.4514000000      3.8250000000     -0.1395000000 
  C32          -1.8182000000      4.7656000000      0.8241000000 
  H33          -3.3189000000      5.2903000000      2.2911000000 
  H34          -4.7088000000      3.2740000000      1.8043000000 
  H35          -0.5306000000      3.8963000000     -0.7033000000 
  H36          -1.1807000000      5.6214000000      1.0212000000 
  C37          -2.2624000000     -3.0778000000      3.3367000000 
  C38          -1.0930000000     -2.5290000000      2.8082000000 
  C39          -1.1281000000     -1.8030000000      1.6193000000 
  C40          -2.3452000000     -1.6154000000      0.9438000000 
  C41          -3.5153000000     -2.1814000000      1.4791000000 
  C42          -3.4767000000     -2.9010000000      2.6694000000 
  H43          -2.2295000000     -3.6371000000      4.2670000000 
  H44          -0.1473000000     -2.6540000000      3.3258000000 
  H45          -0.2140000000     -1.3612000000      1.2410000000 
  H46          -4.4613000000     -2.0413000000      0.9640000000 
  H47          -4.3919000000     -3.3183000000      3.0779000000 
  H48          -3.4735000000     -0.4601000000     -0.5087000000 
  C49          -1.6538000000     -4.1054000000     -1.2231000000 
  C50          -3.0638000000     -4.2320000000     -1.2770000000 
  C51          -3.5505000000     -3.0173000000     -1.7205000000 
  C52          -2.4461000000     -2.1177000000     -1.8583000000 
  H53          -0.9115000000     -4.8251000000     -0.9050000000 
  H54          -3.6252000000     -5.1160000000     -1.0114000000 
  H55          -4.5841000000     -2.7487000000     -1.8935000000 
  H56          -2.4036000000     -1.3203000000     -2.5887000000 
  N57          -1.2978000000     -2.8884000000     -1.6254000000 
  H58          -0.3078000000     -2.5390000000     -1.6392000000 
   
  principal moments of inertia:
        amu*angstrom^2:     4731.45663     5614.86342     7899.65532
                g*cm^2: 7.85676760E-37 9.32369890E-37 1.31176846E-36
   
  rotational constants:
               cm^(-1):      0.00356288      0.00300232      0.00213397
                   GHz:      0.10681256      0.09000736      0.06397482
   
  Molecular weight:     592.05 amu
   
  Stoichiometry: C21PN4H20S2O7F3
  Molecular Point Group: C1      
  Point Group used: C1
  
  nuclear repulsion energy.......    5612.857199678 hartrees
 
 Non-default options chosen:
   SCF calculation type: DFT(m06-2x)                 
   DFT=M06-2X
   Solvation energy will be computed using PBF
     -solute cavity energy will not be included
     -surface area terms will not be included
   Highest accuracy cutoffs used in SCF
   Solvent: other                                                           
   Internal dielectric constant:    1.000
   Continuum dielectric constant:   2.380
   Solvent probe molecule radius:   2.760
  
 Temporary integer options set:
     73=  2
  
  atom       vdw   vdw2    cov     mass  grid  daf  charge   basis
  C1        1.949  1.900  0.770   12.000    Y    Y      Y    6-31g**
  C2        1.949  1.900  0.770   12.000    Y    Y      Y    6-31g**
  C3        1.949  1.900  0.770   12.000    Y    Y      Y    6-31g**
  C4        1.949  1.900  0.770   12.000    Y    Y      Y    6-31g**
  H5        1.597  1.150  0.320    1.008    Y    Y      Y    6-31g**
  H6        1.597  1.150  0.320    1.008    Y    Y      Y    6-31g**
  H7        1.597  1.150  0.320    1.008    Y    Y      Y    6-31g**
  H8        1.597  1.150  0.320    1.008    Y    Y      Y    6-31g**
  O9        1.702  1.600  0.730   15.995    Y    Y      Y    6-31g**
  P10       2.147  2.074  1.060   30.974    Y    Y      Y    6-31g**
  O11       1.702  1.600  0.730   15.995    Y    Y      Y    6-31g**
  O12       1.702  1.600  0.730   15.995    Y    Y      Y    6-31g**
  N13       1.831  1.600  0.750   14.003    Y    Y      Y    6-31g**
  S14       2.070  1.900  1.020   31.972    Y    Y      Y    6-31g**
  O15       1.702  1.600  0.730   15.995    Y    Y      Y    6-31g**
  O16       1.702  1.600  0.730   15.995    Y    Y      Y    6-31g**
  C17       1.949  1.900  0.770   12.000    Y    Y      Y    6-31g**
  F18       1.736  1.682  0.720   18.998    Y    Y      Y    6-31g**
  F19       1.736  1.682  0.720   18.998    Y    Y      Y    6-31g**
  F20       1.736  1.682  0.720   18.998    Y    Y      Y    6-31g**
  H21       1.597  1.150  0.320    1.008    Y    Y      Y    6-31g**
  C22       1.949  1.900  0.770   12.000    Y    Y      Y    6-31g**
  N23       1.831  1.600  0.750   14.003    Y    Y      Y    6-31g**
  S24       2.070  1.900  1.020   31.972    Y    Y      Y    6-31g**
  O25       1.702  1.600  0.730   15.995    Y    Y      Y    6-31g**
  O26       1.702  1.600  0.730   15.995    Y    Y      Y    6-31g**
  C27       1.949  1.900  0.770   12.000    Y    Y      Y    6-31g**
  C28       1.949  1.900  0.770   12.000    Y    Y      Y    6-31g**
  N29       1.831  1.600  0.750   14.003    Y    Y      Y    6-31g**
  C30       1.949  1.900  0.770   12.000    Y    Y      Y    6-31g**
  C31       1.949  1.900  0.770   12.000    Y    Y      Y    6-31g**
  C32       1.949  1.900  0.770   12.000    Y    Y      Y    6-31g**
  H33       1.597  1.150  0.320    1.008    Y    Y      Y    6-31g**
  H34       1.597  1.150  0.320    1.008    Y    Y      Y    6-31g**
  H35       1.597  1.150  0.320    1.008    Y    Y      Y    6-31g**
  H36       1.597  1.150  0.320    1.008    Y    Y      Y    6-31g**
  C37       1.949  1.900  0.770   12.000    Y    Y      Y    6-31g**
  C38       1.949  1.900  0.770   12.000    Y    Y      Y    6-31g**
  C39       1.949  1.900  0.770   12.000    Y    Y      Y    6-31g**
  C40       1.949  1.900  0.770   12.000    Y    Y      Y    6-31g**
  C41       1.949  1.900  0.770   12.000    Y    Y      Y    6-31g**
  C42       1.949  1.900  0.770   12.000    Y    Y      Y    6-31g**
  H43       1.597  1.150  0.320    1.008    Y    Y      Y    6-31g**
  H44       1.597  1.150  0.320    1.008    Y    Y      Y    6-31g**
  H45       1.597  1.150  0.320    1.008    Y    Y      Y    6-31g**
  H46       1.597  1.150  0.320    1.008    Y    Y      Y    6-31g**
  H47       1.597  1.150  0.320    1.008    Y    Y      Y    6-31g**
  H48       1.597  1.150  0.320    1.008    Y    Y      Y    6-31g**
  C49       1.949  1.900  0.770   12.000    Y    Y      Y    6-31g**
  C50       1.949  1.900  0.770   12.000    Y    Y      Y    6-31g**
  C51       1.949  1.900  0.770   12.000    Y    Y      Y    6-31g**
  C52       1.949  1.900  0.770   12.000    Y    Y      Y    6-31g**
  H53       1.597  1.150  0.320    1.008    Y    Y      Y    6-31g**
  H54       1.597  1.150  0.320    1.008    Y    Y      Y    6-31g**
  H55       1.597  1.150  0.320    1.008    Y    Y      Y    6-31g**
  H56       1.597  1.150  0.320    1.008    Y    Y      Y    6-31g**
  N57       1.831  1.600  0.750   14.003    Y    Y      Y    6-31g**
  H58       1.597  1.150  0.320    1.008    Y    Y      Y    6-31g**
  
  Peak memory usage:    514 Mb
  
  end of program pre
   
 Time(pre)  user:        0.0  user+sys:        0.0  wallclock:        0.6
  
  start of program onee
  
  smallest eigenvalue of S:    4.296E-04
  number of canonical orbitals.....          681
  Peak memory usage:    658 Mb
  
  end of program onee
   
 Time(onee)  user:        1.0  user+sys:        1.0  wallclock:        2.0
  
  start of program hfig
  
  initial wavefunction generated automatically from atomic wavefunctions
 
  Irreducible     Total no   No of occupied orbitals 
  representation  orbitals   Shell_1  Shell_2    ...
  No Symm          681        152
  ------------------------
  Orbital occupation/shell    1.000
 
  Peak memory usage:    599 Mb
  
  end of program hfig
   
 Time(hfig)  user:        1.0  user+sys:        1.0  wallclock:        1.7
  
  start of program probe
  
  Peak memory usage:    599 Mb
  
  end of program probe
   
 Time(probe)  user:        1.0  user+sys:        1.0  wallclock:        1.4
  
  start of program grid
  
  
  ** Halting job in response to a termination signal **
  
