Job ModelCatalyst-10Sulfonyl-3-TS-fine-grid-uf-acc-sol_1 started on tethys at Mon Jan 30 11:34:23 2017
jobid: tethys-0-588f24bd

  +--------------------------------------------------------------------+
  |  Jaguar version 8.4, release  16                                   |
  |                                                                    |
  |  Copyright Schrodinger, Inc.                                       |
  |  All Rights Reserved.                                              |
  |                                                                    |
  |  The following have contributed to Jaguar (listed alphabetically): |
  |  Mike Beachy, Art Bochevarov, Dale Braden, Yixiang Cao,            |
  |  Chris Cortis, Rich Friesner, Bill Goddard, Hod Greeley,           |
  |  Tom Hughes, Jean-Marc Langlois, Daniel Mainz, Rob Murphy,         |
  |  Dean Philipp, Tom Pollard, Murco Ringnalda.                       |
  |                                                                    |
  |  Use of this program should be acknowledged in publications as:    |
  |                                                                    |
  |  Jaguar, version 8.4, Schrodinger, Inc., New York, NY, 2013.       |
  |                                                                    |
  |  A. D. Bochevarov, E. Harder, T. F. Hughes, J. R. Greenwood,       |
  |  D. A. Braden, D. M. Philipp, D. Rinaldo, M. D. Halls,             |
  |  J. Zhang, R. A. Friesner, "Jaguar: A High-Performance Quantum     |
  |  Chemistry Software Program with Strengths in Life and Materials   |
  |  Sciences", Int. J. Quantum Chem., 2013, 113(18), 2110-2142.       |
  +--------------------------------------------------------------------+
  
  start of program pre
  
  Job name: ModelCatalyst-10Sulfonyl-3-TS-fine-grid-uf-acc-sol_1
  Executables used: /usr/local/shared/schrodinger/current/jaguar-v84016/bin/Linux-x86_64
  Temporary files : /home/ab2144/.schrodinger/tmp/ModelCatalyst-10Sulfonyl-3-TS-fine-grid-uf-acc-sol_1
  Maestro file (input):  ModelCatalyst-10Sulfonyl-3-TS-fine-grid-uf-acc-sol_1.mae
  Maestro file (output): ModelCatalyst-10Sulfonyl-3-TS-fine-grid-uf-acc-sol_1.01.mae
  
  
  basis set:             6-31g**         
  net molecular charge:    0
  multiplicity:            1
  
  keygrid settings 
    wispc.....   7.500E-01
    ldens.....   0
    denspc....   7.500E-01
  
   grid     daf set  nls  grid set  Q type
  ------    -------  ---  --------  ------
  coarse       1      1       1        1
  medium       2      2       2        1
  fine         3      2       3        0
  ultrafine    4      2       4        1
  charge       0      1      -1        1
  gradient     5      2       4        1
  density      0      1       0        0
  DFT-fine     0      1     -13        0
  DFT-med.     0      1     -13        0
  DFT-grad     0      1     -13        0
  DFT-der2     0      1       0        0
  DFT-cphf     0      1       0        0
  LMP2-enrg    4      2       4        1
  LMP2-grad    5      2       2        1
  DFT-cphf2    0      1       0        0
  PBF-dens     0      1       0        0
  plotting     0      1       0        0
  
  idftgrdm  100
  ndftgrdm   50    0    0
  idftgrdf  111
  ndftgrdf   85    0    0
  idftgrdg  111
  ndftgrdg   80    3    0
  idftgrdu  433
  ndftgrdu  105    0    0
  idftgrdd  433
  ndftgrdd  105    0    0
  idftgrdc  433
  ndftgrdc   26    0    0
  idftgrdp  433
  ndftgrdp   18    0    0
  
  number of basis functions....          682
  
 Input geometry:
                                   angstroms
  atom               x                 y                 z
  C1            5.5370000000      0.7099000000     -0.5295000000 
  C2            6.0771000000     -0.5078000000     -0.3101000000 
  C3            5.2334000000     -1.3567000000      0.5454000000 
  C4            4.8589000000     -0.6917000000      1.6546000000 
  H5            6.9675000000     -0.7999000000     -0.8599000000 
  H6            5.9777000000      1.4544000000     -1.1858000000 
  H7            5.5286000000      0.0043000000      2.1567000000 
  H8            4.5639000000     -2.0802000000      0.0885000000 
  O9            4.3573000000      1.2146000000      0.0084000000 
  P10           3.0099000000      0.5166000000      0.6572000000 
  O11           3.5156000000     -0.4392000000      1.9369000000 
  O12           2.1545000000      1.6184000000      1.1955000000 
  N13           2.4588000000     -0.4056000000     -0.5626000000 
  S14           1.0676000000     -1.1460000000     -0.5381000000 
  O15           0.3728000000     -1.1848000000      0.7684000000 
  O16           0.2289000000     -0.7802000000     -1.7096000000 
  C17           1.5536000000     -2.9120000000     -0.8994000000 
  F18           2.1857000000     -2.9983000000     -2.0692000000 
  F19           2.3629000000     -3.3693000000      0.0674000000 
  F20           0.4594000000     -3.6862000000     -0.9396000000 
  H21          -1.4194000000     -0.0331000000     -1.4103000000 
  C22          -2.1797000000      1.6772000000     -0.4136000000 
  N23          -2.2612000000      0.4873000000     -1.1083000000 
  S24          -3.7316000000     -0.3706000000     -1.1893000000 
  O25          -4.7613000000      0.5428000000     -0.6764000000 
  O26          -3.8021000000     -0.9494000000     -2.5236000000 
  C27          -3.2418000000     -3.7570000000      1.7446000000 
  C28          -2.3212000000     -3.4739000000      0.7313000000 
  N29          -2.4848000000     -2.4656000000     -0.1306000000 
  C30          -3.5617000000     -1.7101000000      0.0237000000 
  C31          -4.5460000000     -1.8817000000      0.9942000000 
  C32          -4.3714000000     -2.9509000000      1.8749000000 
  H33          -3.0687000000     -4.5909000000      2.4165000000 
  H34          -1.4199000000     -4.0650000000      0.6047000000 
  H35          -5.3961000000     -1.2123000000      1.0459000000 
  H36          -5.1048000000     -3.1455000000      2.6514000000 
  C37           0.3558000000      4.8960000000     -1.6538000000 
  C38           0.7095000000      3.5851000000     -1.9852000000 
  C39          -0.0883000000      2.5143000000     -1.5926000000 
  C40          -1.2628000000      2.7513000000     -0.8591000000 
  C41          -1.6138000000      4.0724000000     -0.5287000000 
  C42          -0.8090000000      5.1387000000     -0.9262000000 
  H43           0.9849000000      5.7242000000     -1.9660000000 
  H44           1.6143000000      3.3922000000     -2.5525000000 
  H45           0.2040000000      1.5048000000     -1.8603000000 
  H46          -2.5284000000      4.2609000000      0.0253000000 
  H47          -1.0965000000      6.1551000000     -0.6745000000 
  H48          -3.1726000000      2.0416000000     -0.1789000000 
  C49          -0.7357000000      2.9715000000      2.5896000000 
  C50          -2.1246000000      2.9550000000      2.8792000000 
  C51          -2.6411000000      1.8434000000      2.2453000000 
  C52          -1.5876000000      1.2284000000      1.4780000000 
  H53           0.0224000000      3.6764000000      2.9039000000 
  H54          -2.6518000000      3.6825000000      3.4794000000 
  H55          -3.6715000000      1.5133000000      2.2373000000 
  H56          -1.4570000000      0.1656000000      1.3121000000 
  N57          -0.4257000000      1.9346000000      1.8216000000 
  H58           0.5492000000      1.7135000000      1.5086000000 
   
  principal moments of inertia:
        amu*angstrom^2:     4318.97158     6300.00383     8422.29197
                g*cm^2: 7.17182014E-37 1.04614012E-36 1.39855431E-36
   
  rotational constants:
               cm^(-1):      0.00390316      0.00267581      0.00200155
                   GHz:      0.11701374      0.08021884      0.06000493
   
  Molecular weight:     592.05 amu
   
  Stoichiometry: C21PN4H20S2O7F3
  Molecular Point Group: C1      
  Point Group used: C1
  
  nuclear repulsion energy.......    5560.594157437 hartrees
 
 Non-default options chosen:
   SCF calculation type: DFT(m06-2x)                 
   DFT=M06-2X
   Solvation energy will be computed using PBF
     -solute cavity energy will not be included
     -surface area terms will not be included
   Highest accuracy cutoffs used in SCF
   Solvent: other                                                           
   Internal dielectric constant:    1.000
   Continuum dielectric constant:   2.380
   Solvent probe molecule radius:   2.760
  
 Temporary integer options set:
     73=  2
  
   Fixing number of canonical orbitals to remain constant.
   Number of canonical orbitals to use:   681
  
  atom       vdw   vdw2    cov     mass  grid  daf  charge   basis
  C1        1.949  1.900  0.770   12.000    Y    Y      Y    6-31g**
  C2        1.949  1.900  0.770   12.000    Y    Y      Y    6-31g**
  C3        1.949  1.900  0.770   12.000    Y    Y      Y    6-31g**
  C4        1.949  1.900  0.770   12.000    Y    Y      Y    6-31g**
  H5        1.597  1.150  0.320    1.008    Y    Y      Y    6-31g**
  H6        1.597  1.150  0.320    1.008    Y    Y      Y    6-31g**
  H7        1.597  1.150  0.320    1.008    Y    Y      Y    6-31g**
  H8        1.597  1.150  0.320    1.008    Y    Y      Y    6-31g**
  O9        1.702  1.600  0.730   15.995    Y    Y      Y    6-31g**
  P10       2.147  2.074  1.060   30.974    Y    Y      Y    6-31g**
  O11       1.702  1.600  0.730   15.995    Y    Y      Y    6-31g**
  O12       1.702  1.600  0.730   15.995    Y    Y      Y    6-31g**
  N13       1.831  1.600  0.750   14.003    Y    Y      Y    6-31g**
  S14       2.070  1.900  1.020   31.972    Y    Y      Y    6-31g**
  O15       1.702  1.600  0.730   15.995    Y    Y      Y    6-31g**
  O16       1.702  1.600  0.730   15.995    Y    Y      Y    6-31g**
  C17       1.949  1.900  0.770   12.000    Y    Y      Y    6-31g**
  F18       1.736  1.682  0.720   18.998    Y    Y      Y    6-31g**
  F19       1.736  1.682  0.720   18.998    Y    Y      Y    6-31g**
  F20       1.736  1.682  0.720   18.998    Y    Y      Y    6-31g**
  H21       1.597  1.150  0.320    1.008    Y    Y      Y    6-31g**
  C22       1.949  1.900  0.770   12.000    Y    Y      Y    6-31g**
  N23       1.831  1.600  0.750   14.003    Y    Y      Y    6-31g**
  S24       2.070  1.900  1.020   31.972    Y    Y      Y    6-31g**
  O25       1.702  1.600  0.730   15.995    Y    Y      Y    6-31g**
  O26       1.702  1.600  0.730   15.995    Y    Y      Y    6-31g**
  C27       1.949  1.900  0.770   12.000    Y    Y      Y    6-31g**
  C28       1.949  1.900  0.770   12.000    Y    Y      Y    6-31g**
  N29       1.831  1.600  0.750   14.003    Y    Y      Y    6-31g**
  C30       1.949  1.900  0.770   12.000    Y    Y      Y    6-31g**
  C31       1.949  1.900  0.770   12.000    Y    Y      Y    6-31g**
  C32       1.949  1.900  0.770   12.000    Y    Y      Y    6-31g**
  H33       1.597  1.150  0.320    1.008    Y    Y      Y    6-31g**
  H34       1.597  1.150  0.320    1.008    Y    Y      Y    6-31g**
  H35       1.597  1.150  0.320    1.008    Y    Y      Y    6-31g**
  H36       1.597  1.150  0.320    1.008    Y    Y      Y    6-31g**
  C37       1.949  1.900  0.770   12.000    Y    Y      Y    6-31g**
  C38       1.949  1.900  0.770   12.000    Y    Y      Y    6-31g**
  C39       1.949  1.900  0.770   12.000    Y    Y      Y    6-31g**
  C40       1.949  1.900  0.770   12.000    Y    Y      Y    6-31g**
  C41       1.949  1.900  0.770   12.000    Y    Y      Y    6-31g**
  C42       1.949  1.900  0.770   12.000    Y    Y      Y    6-31g**
  H43       1.597  1.150  0.320    1.008    Y    Y      Y    6-31g**
  H44       1.597  1.150  0.320    1.008    Y    Y      Y    6-31g**
  H45       1.597  1.150  0.320    1.008    Y    Y      Y    6-31g**
  H46       1.597  1.150  0.320    1.008    Y    Y      Y    6-31g**
  H47       1.597  1.150  0.320    1.008    Y    Y      Y    6-31g**
  H48       1.597  1.150  0.320    1.008    Y    Y      Y    6-31g**
  C49       1.949  1.900  0.770   12.000    Y    Y      Y    6-31g**
  C50       1.949  1.900  0.770   12.000    Y    Y      Y    6-31g**
  C51       1.949  1.900  0.770   12.000    Y    Y      Y    6-31g**
  C52       1.949  1.900  0.770   12.000    Y    Y      Y    6-31g**
  H53       1.597  1.150  0.320    1.008    Y    Y      Y    6-31g**
  H54       1.597  1.150  0.320    1.008    Y    Y      Y    6-31g**
  H55       1.597  1.150  0.320    1.008    Y    Y      Y    6-31g**
  H56       1.597  1.150  0.320    1.008    Y    Y      Y    6-31g**
  N57       1.831  1.600  0.750   14.003    Y    Y      Y    6-31g**
  H58       1.597  1.150  0.320    1.008    Y    Y      Y    6-31g**
  
  Peak memory usage:    514 Mb
  
  end of program pre
   
 Time(pre)  user:        0.0  user+sys:        0.0  wallclock:        0.8
  
  start of program onee
  
  smallest eigenvalue of S:    4.418E-04
  Set cut 20/10 to   6.276751524329825E-004
  number of canonical orbitals.....          681
  Peak memory usage:    658 Mb
  
  end of program onee
   
 Time(onee)  user:        2.0  user+sys:        2.0  wallclock:        6.3
  
  start of program hfig
  
  initial wavefunction generated automatically from atomic wavefunctions
 
  Irreducible     Total no   No of occupied orbitals 
  representation  orbitals   Shell_1  Shell_2    ...
  No Symm          681        152
  ------------------------
  Orbital occupation/shell    1.000
 
  Peak memory usage:    599 Mb
  
  end of program hfig
   
 Time(hfig)  user:        2.0  user+sys:        2.0  wallclock:        6.8
  
  start of program probe
  
  Peak memory usage:    599 Mb
  
  end of program probe
   
 Time(probe)  user:        1.0  user+sys:        1.0  wallclock:        3.9
  
  start of program grid
  
  
   grid     grid set  grid #  grid sym
  ------    --------  ------  --------
  coarse        0        0        1
  medium        2        1        1
  fine          0        0        1
  ultrafine     4        2        1
  charge       -1        3        1
  gradient      4        2        1
  density       0        0        1
  DFT-fine    -13        4        1
  DFT-med.    -13        4        1
  DFT-grad    -13        4        1
  DFT-der2      0        0        1
  DFT-cphf      0        0        1
  LMP2-enrg     4        2        1
  LMP2-grad     2        1        1
  DFT-cphf2     0        0        1
  PBF-dens      0        0        1
  plotting      0        0        1
  
   
  number of gridpoints: 
     atom        C1       C2       C3       C4       H5       H6       H7
  grid # 1       93       94       96       94      118      118      115
  grid # 2      330      335      339      332      455      454      446
  grid # 3       24       14       44       38      458      439      385
  grid # 4    48350    48350    48350    48350    48788    48788    48788
   
  number of gridpoints: 
     atom        H8       O9      P10      O11      O12      N13      S14
  grid # 1      112      113      453      114      118      110      435
  grid # 2      429      452      453      461      469      415      435
  grid # 3      231      109        6      178      140       64       10
  grid # 4    48788    47970    38334    47970    47970    48272    48562
   
  number of gridpoints: 
     atom       O15      O16      C17      F18      F19      F20      H21
  grid # 1      117      117       90      537      530      526       98
  grid # 2      479      462      319      537      530      526      400
  grid # 3      109      114        7      302      213      185       83
  grid # 4    47970    47970    48350    47470    47470    47470    48788
   
  number of gridpoints: 
     atom       C22      N23      S24      O25      O26      C27      C28
  grid # 1       92       99      441      120      123       97       96
  grid # 2      320      352      441      486      513      333      340
  grid # 3        6       25       14      215      365       45       38
  grid # 4    48350    48272    48562    47970    47970    48350    48350
   
  number of gridpoints: 
     atom       N29      C30      C31      C32      H33      H34      H35
  grid # 1      111       97       96       97      118      112      113
  grid # 2      416      358      332      333      451      435      443
  grid # 3       68       24       38       44      429      280      312
  grid # 4    48272    48350    48350    48350    48788    48788    48788
   
  number of gridpoints: 
     atom       H36      C37      C38      C39      C40      C41      C42
  grid # 1      118       97       96       96       99       96       96
  grid # 2      454      333      335      332      359      336      333
  grid # 3      431       46       41       34       32       35       41
  grid # 4    48788    48350    48350    48350    48350    48350    48350
   
  number of gridpoints: 
     atom       H43      H44      H45      H46      H47      H48      C49
  grid # 1      118      117      108      112      118      104       95
  grid # 2      451      448      417      435      450      409      330
  grid # 3      419      367      159      266      410      121       29
  grid # 4    48788    48788    48788    48788    48788    48788    48350
   
  number of gridpoints: 
     atom       C50      C51      C52      H53      H54      H55      H56
  grid # 1       94       94       91      117      117      113      106
  grid # 2      329      332      323      453      460      445      418
  grid # 3       29       31        7      411      451      313      136
  grid # 4    48350    48350    48350    48788    48788    48788    48788
   
  number of gridpoints: 
     atom       N57      H58    total
  grid # 1       98      103     8413
  grid # 2      343      403    23539
  grid # 3       27      105     8997
  grid # 4    48272    48788  2797856
   
  Peak memory usage:    632 Mb
  
  end of program grid
   
 Time(grid)  user:      108.0  user+sys:      109.0  wallclock:      258.0
  
  start of program rwr
  
  dpptrf failed in rinv with info = 180
  switching to SVD for RwR matrix  29 for grid  2
  Peak memory usage:    533 Mb
  
  end of program rwr
   
 Time(rwr)  user:       13.0  user+sys:       14.0  wallclock:       26.7
  
  start of program scf
  
 number of electrons..........        304
 number of alpha electrons....        152
 number of beta electrons.....        152
 number of orbitals, total....        681
 number of doubly-occ'd orbs..        152
 number of open shell orbs....          0
 number of occupied orbitals..        152
 number of virtual orbitals...        529
 number of hamiltonians.......          1
 number of shells.............          1
 SCF type: DFT=M06-2X
  
       i  u  d  i  g                   
       t  p  i  c  r                                 RMS    maximum
       e  d  i  u  i                       energy  density   DIIS  
       r  t  s  t  d       total energy    change  change    error 
  
etot    1  N  N  1  U   -2987.75539536544           4.7E-03  1.5E-01
etot    2  N  Y  1  U   -2990.62757160851  2.9E+00  4.9E-03  1.3E-01
etot    3  N  Y  1  U   -2990.77698807977  1.5E-01  4.0E-03  1.5E-01
etot    4  N  Y  1  U   -2993.92719754090  3.2E+00  9.7E-04  3.9E-02
etot    5  N  Y  1  U   -2994.05319651539  1.3E-01  4.4E-04  1.0E-02
etot    6  N  Y  1  U   -2994.09866220256  4.5E-02  1.3E-04  3.7E-03
etot    7  N  Y  1  U   -2994.10307542922  4.4E-03  4.1E-05  1.3E-03
etot    8  N  Y  1  U   -2994.10363852061  5.6E-04  1.6E-05  3.5E-04
etot    9  N  N  1  U   -2994.10367464788  3.6E-05  0.0E+00  0.0E+00
  
  
 Energy components, in hartrees:
   (A)  Nuclear repulsion............    5560.59415743737
   (E)  Total one-electron terms.....  -15190.56282911776
   (F)    Electron-nuclear...........  -18164.97298177212
   (H)    Kinetic....................    2974.41015265436
   (I)  Total two-electron terms.....    6635.86499703251
   (J)    Coulomb....................    6950.44299043633
   (K)    Exchange+Correlation.......    -314.57799340382
   (L)  Electronic energy............   -8554.69783208525  (E+I)
   (M)  -V/T.........................       2.00662098399  (-(A+F+I)/H)
   (N)  Total energy.................   -2994.10367464788  (A+L)
  
 SCFE: SCF energy: DFT(m06-2x)     -2994.10367464788 hartrees   iterations:   9
  
 
 HOMO energy:    -0.27661
 LUMO energy:    -0.07178
 
  Orbital energies (hartrees): 
   -90.17720   -90.15962   -78.21252   -25.29679   -25.29605   -25.29311
   -19.68331   -19.67487   -19.65814   -19.65269   -19.63624   -19.63567
   -19.60728   -14.83180   -14.82401   -14.79778   -14.74351   -10.81196
   -10.66594   -10.64207   -10.63276   -10.62436   -10.61295   -10.61198
   -10.60591   -10.60012   -10.59819   -10.59543   -10.58888   -10.58504
   -10.58080   -10.57413   -10.56787   -10.56757   -10.56527   -10.56360
   -10.55921   -10.54438    -8.48732    -8.46844    -6.99088    -6.40969
    -6.40863    -6.40771    -6.39043    -6.38986    -6.38967    -5.10941
    -5.10817    -5.10703    -1.46190    -1.37097    -1.37060    -1.25039
    -1.22530    -1.20558    -1.16059    -1.13824    -1.12359    -1.10881
    -1.09081    -1.08923    -1.06866    -0.99311    -0.97451    -0.93429
    -0.91345    -0.91103    -0.90362    -0.88482    -0.85532    -0.85300
    -0.83722    -0.81502    -0.80770    -0.76908    -0.76482    -0.74724
    -0.72868    -0.71891    -0.70073    -0.69848    -0.69072    -0.68778
    -0.68630    -0.68198    -0.66747    -0.66198    -0.65978    -0.65278
    -0.62126    -0.61388    -0.61243    -0.59623    -0.58376    -0.58029
    -0.57581    -0.57288    -0.56777    -0.56631    -0.56144    -0.55002
    -0.54632    -0.54339    -0.54259    -0.53742    -0.53534    -0.53281
    -0.52621    -0.52481    -0.52193    -0.51534    -0.51336    -0.50855
    -0.50553    -0.50331    -0.49996    -0.49879    -0.49273    -0.48597
    -0.48492    -0.47651    -0.47644    -0.47030    -0.45860    -0.45046
    -0.43876    -0.43300    -0.42884    -0.42414    -0.41898    -0.41429
    -0.41260    -0.40487    -0.39741    -0.39317    -0.39285    -0.39112
    -0.38152    -0.37374    -0.37163    -0.36545    -0.34967    -0.34674
    -0.34594    -0.33916    -0.32466    -0.32115    -0.31680    -0.31222
    -0.29772    -0.27661    -0.07178    -0.02608    -0.00958     0.00657
     0.01267     0.02002     0.06759     0.07414     0.07874     0.10051
 
  Peak memory usage:    748 Mb
  
  end of program scf
   
 Time(scf)  user:     4142.0  user+sys:     4167.0  wallclock:     8913.3
  
  start of program ch
  
  gridpoints used for charge fit         8023
    out of a possible maximum of         8997
  
   Electrostatic potential fitting constrained to reproduce
     total charge:                yes
     dipole moment:               no 
     traceless quadrupole moment: no 
     traceless octapole moment:   no 
  
  Atomic charges from electrostatic potential: 
   
 Atom       C1           C2           C3           C4           H5      
 Charge   -0.04658     -0.19018     -0.25846      0.08360      0.15858
   
 Atom       H6           H7           H8           O9           P10     
 Charge    0.16499      0.13163      0.19242     -0.26924      1.04524
   
 Atom       O11          O12          N13          S14          O15     
 Charge   -0.34142     -0.68188     -0.60759      0.76477     -0.51268
   
 Atom       O16          C17          F18          F19          F20     
 Charge   -0.50662      0.42338     -0.12923     -0.13332     -0.11727
   
 Atom       H21          C22          N23          S24          O25     
 Charge    0.36312      0.13347     -0.44974      0.74438     -0.46012
   
 Atom       O26          C27          C28          N29          C30     
 Charge   -0.41017     -0.49700      0.54133     -0.62195      0.50128
   
 Atom       C31          C32          H33          H34          H35     
 Charge   -0.46342      0.20046      0.20293      0.00264      0.20267
   
 Atom       H36          C37          C38          C39          C40     
 Charge    0.10240     -0.06920     -0.16003     -0.08551      0.05796
   
 Atom       C41          C42          H43          H44          H45     
 Charge   -0.12413     -0.16470      0.12339      0.14915      0.14359
   
 Atom       H46          H47          H48          C49          C50     
 Charge    0.10529      0.13997      0.13488     -0.10763     -0.13596
   
 Atom       C51          C52          H53          H54          H55     
 Charge   -0.19431     -0.01064      0.20323      0.15549      0.16088
   
 Atom       H56          N57          H58     
 Charge    0.14682     -0.08059      0.34964
  
  sum of atomic charges:     0.000000
   
 RMS Error   1.17E-03 hartrees
 
  Peak memory usage:    551 Mb
  
  end of program ch
   
 Time(ch)  user:        3.0  user+sys:        3.0  wallclock:        8.4
  
  start of program post
  
  Writing input files for PBF
  Peak memory usage:    524 Mb
  
  end of program post
   
 Time(post)  user:        0.0  user+sys:        0.0  wallclock:        0.5

  start of program pbf

Pbf Version 4.00

Molecular surface area:      425.33483   [A2]
Reaction field energy:       -17.29535   [kT]
  Peak memory usage: 512 Mb

  end of program pbf

 Time(pbf)  user:        1.8  user+sys:        1.8  wallclock:        3.2
  
  start of program solv
  
   number of surface charges from PBF    5718
   sum of surface charges      0.00008
   
  nuclear repulsion energy.......    5560.594157437 hartrees
  Peak memory usage:    652 Mb
  
  end of program solv
   
 Time(solv)  user:        5.0  user+sys:        5.0  wallclock:       11.9
  
  start of program scf
  
  
       i  u  d  i  g                   
       t  p  i  c  r                                 RMS    maximum
       e  d  i  u  i                       energy  density   DIIS  
       r  t  s  t  d       total energy    change  change    error 
  
etot    1  N  N  1  U   -2994.13797727771           1.4E-04  2.0E-03
etot    2  N  Y  1  U   -2994.13877677298  8.0E-04  5.2E-05  2.1E-03
etot    3  N  Y  1  U   -2994.13931159978  5.3E-04  1.5E-05  6.3E-04
etot    4  N  Y  1  U   -2994.13937528835  6.4E-05  6.0E-06  2.1E-04
etot    5  N  N  1  U   -2994.13938214220  6.9E-06  0.0E+00  0.0E+00
  
  
 Energy components, in hartrees:
   (A)  Total zero-electron terms....    5562.49966297372
   (B)    Nuclear-nuclear............    5560.59415743737
   (C)    Nuclear-solvent............       1.90550553635
   (E)  Total one-electron terms.....  -15193.55598145139
   (F)    Electron-nuclear...........  -18166.07270038904
   (G)    Electron-solvent...........      -1.94252559063
   (H)    Kinetic....................    2974.45924452828
   (I)  Total two-electron terms.....    6636.91693633547
   (J)    Coulomb....................    6951.51382471934
   (K)    Exchange+Correlation.......    -314.59688838387
   (L)  Electronic energy............   -8556.63904511592  (E+I)
   (N)  Total quantum mech. energy...   -2994.13938214220  (A+L)
   (O)  Gas phase energy.............   -2994.10367464788
   (P)  Solution phase energy........   -2994.12087211506  (Q+R+S)
   (Q)    Total solute energy........   -2994.10236208792  (N-C-G)
   (R)    Total solvent energy.......      -0.01851002714  (C/2+G/2)
   (S)    Solute cavity energy.......       0.00000000000
   (U)  Reorganization energy........       0.00131255996  (Q-O)
   (V)  Solvation energy.............      -0.01719746718  (P-O)
  
 SCFE:  Solution phase energy: DFT(m06-2x)      -2994.12087211506 hartrees
        SCF iterations:   5
  
 
 HOMO energy:    -0.28275
 LUMO energy:    -0.06912
 
  Orbital energies (hartrees): 
   -90.18221   -90.16913   -78.22160   -25.30375   -25.30355   -25.30152
   -19.69041   -19.68291   -19.66380   -19.65879   -19.64526   -19.64433
   -19.61689   -14.82910   -14.82362   -14.79486   -14.75270   -10.82032
   -10.66375   -10.63819   -10.62915   -10.62751   -10.61129   -10.61030
   -10.61013   -10.59516   -10.59342   -10.59171   -10.58476   -10.58324
   -10.57553   -10.57146   -10.56422   -10.56350   -10.56305   -10.56241
   -10.56017   -10.55010    -8.49221    -8.47791    -6.99998    -6.41455
    -6.41362    -6.41254    -6.39991    -6.39935    -6.39913    -5.11849
    -5.11728    -5.11616    -1.46959    -1.37879    -1.37813    -1.25605
    -1.23447    -1.21364    -1.16844    -1.14482    -1.12163    -1.11800
    -1.09864    -1.08834    -1.06927    -1.00257    -0.97226    -0.92988
    -0.91795    -0.90830    -0.90136    -0.88229    -0.85273    -0.84982
    -0.84537    -0.82019    -0.80705    -0.77606    -0.76378    -0.74319
    -0.73516    -0.71827    -0.69818    -0.69642    -0.69472    -0.69431
    -0.68868    -0.67831    -0.67396    -0.66765    -0.65843    -0.65071
    -0.62251    -0.61828    -0.61323    -0.60357    -0.58325    -0.58081
    -0.57767    -0.57554    -0.57370    -0.56948    -0.56899    -0.55392
    -0.54691    -0.54522    -0.54237    -0.54058    -0.53851    -0.53395
    -0.53173    -0.53097    -0.52341    -0.52053    -0.51470    -0.51266
    -0.51017    -0.50158    -0.49641    -0.49494    -0.49237    -0.48724
    -0.48370    -0.48103    -0.47685    -0.46671    -0.46425    -0.44889
    -0.44565    -0.43666    -0.42830    -0.42622    -0.42434    -0.41817
    -0.41486    -0.40993    -0.40239    -0.40110    -0.39932    -0.39746
    -0.39050    -0.38315    -0.37377    -0.36844    -0.35167    -0.34678
    -0.34462    -0.34244    -0.33047    -0.32327    -0.31774    -0.31475
    -0.29543    -0.28275    -0.06912    -0.02345    -0.00581     0.00067
     0.01500     0.02197     0.06264     0.07725     0.07973     0.09638
 
  Peak memory usage:    747 Mb
  
  end of program scf
   
 Time(scf)  user:     1825.0  user+sys:     1838.0  wallclock:     3994.4
  
  start of program sole
  
    SCRF                   solvation energy
  iteration          Hartrees            kcal/mol
     0               0.0000000            0.0000
     1              -0.0171975          -10.7916
  
  solvation energy not yet converged... 
  
  Peak memory usage:    623 Mb
  
  end of program sole
   
 Time(sole)  user:        0.0  user+sys:        0.0  wallclock:        0.3
  
  start of program ch
  
  gridpoints used for charge fit         8023
    out of a possible maximum of         8023
  
   Electrostatic potential fitting constrained to reproduce
     total charge:                yes
     dipole moment:               no 
     traceless quadrupole moment: no 
     traceless octapole moment:   no 
  
  Atomic charges from electrostatic potential: 
   
 Atom       C1           C2           C3           C4           H5      
 Charge   -0.05046     -0.19329     -0.26753      0.08363      0.16979
   
 Atom       H6           H7           H8           O9           P10     
 Charge    0.17942      0.14238      0.19517     -0.27824      1.06043
   
 Atom       O11          O12          N13          S14          O15     
 Charge   -0.35832     -0.70049     -0.61781      0.77394     -0.52020
   
 Atom       O16          C17          F18          F19          F20     
 Charge   -0.52225      0.42773     -0.13177     -0.13262     -0.11539
   
 Atom       H21          C22          N23          S24          O25     
 Charge    0.37991      0.14644     -0.48207      0.76921     -0.47692
   
 Atom       O26          C27          C28          N29          C30     
 Charge   -0.43997     -0.50013      0.55064     -0.64650      0.50588
   
 Atom       C31          C32          H33          H34          H35     
 Charge   -0.47381      0.21042      0.21301      0.00382      0.21282
   
 Atom       H36          C37          C38          C39          C40     
 Charge    0.11321     -0.07840     -0.16287     -0.09076      0.05241
   
 Atom       C41          C42          H43          H44          H45     
 Charge   -0.13061     -0.16325      0.13240      0.15317      0.14029
   
 Atom       H46          H47          H48          C49          C50     
 Charge    0.11345      0.14732      0.13782     -0.09774     -0.12894
   
 Atom       C51          C52          H53          H54          H55     
 Charge   -0.21286      0.01632      0.21379      0.16522      0.17257
   
 Atom       H56          N57          H58     
 Charge    0.13826     -0.11248      0.36481
  
  sum of atomic charges:     0.000000
   
 RMS Error   1.18E-03 hartrees
 
  Peak memory usage:    551 Mb
  
  end of program ch
   
 Time(ch)  user:        3.0  user+sys:        3.0  wallclock:        4.4
  
  start of program post
  
  Writing input files for PBF
  Peak memory usage:    524 Mb
  
  end of program post
   
 Time(post)  user:        0.0  user+sys:        0.0  wallclock:        0.3

  start of program pbf

Pbf Version 4.00

Molecular surface area:      425.33483   [A2]
Reaction field energy:       -20.47673   [kT]
  Peak memory usage: 512 Mb

  end of program pbf

 Time(pbf)  user:        1.8  user+sys:        1.8  wallclock:        2.0
  
  start of program solv
  
   number of surface charges from PBF    5718
   sum of surface charges      0.00005
   
  nuclear repulsion energy.......    5560.594157437 hartrees
  Peak memory usage:    652 Mb
  
  end of program solv
   
 Time(solv)  user:        5.0  user+sys:        5.0  wallclock:        5.8
  
  start of program scf
  
  
       i  u  d  i  g                   
       t  p  i  c  r                                 RMS    maximum
       e  d  i  u  i                       energy  density   DIIS  
       r  t  s  t  d       total energy    change  change    error 
  
etot    1  N  N  1  U   -2994.14268724917           2.0E-05  2.8E-04
etot    2  N  N  1  U   -2994.14269553669  8.3E-06  0.0E+00  0.0E+00
  
  
 Energy components, in hartrees:
   (A)  Total zero-electron terms....    5562.73825104968
   (B)    Nuclear-nuclear............    5560.59415743737
   (C)    Nuclear-solvent............       2.14409361232
   (E)  Total one-electron terms.....  -15194.04713980198
   (F)    Electron-nuclear...........  -18166.32994646148
   (G)    Electron-solvent...........      -2.18494147563
   (H)    Kinetic....................    2974.46774813512
   (I)  Total two-electron terms.....    6637.16619321560
   (J)    Coulomb....................    6951.76485682708
   (K)    Exchange+Correlation.......    -314.59866361147
   (L)  Electronic energy............   -8556.88094658637  (E+I)
   (N)  Total quantum mech. energy...   -2994.14269553669  (A+L)
   (O)  Gas phase energy.............   -2994.10367464788
   (P)  Solution phase energy........   -2994.12227160504  (Q+R+S)
   (Q)    Total solute energy........   -2994.10184767338  (N-C-G)
   (R)    Total solvent energy.......      -0.02042393165  (C/2+G/2)
   (S)    Solute cavity energy.......       0.00000000000
   (U)  Reorganization energy........       0.00182697450  (Q-O)
   (V)  Solvation energy.............      -0.01859695715  (P-O)
  
 SCFE:  Solution phase energy: DFT(m06-2x)      -2994.12227160504 hartrees
        SCF iterations:   2
  
 
 HOMO energy:    -0.31150
 LUMO energy:    -0.06858
 
  Orbital energies (hartrees): 
   -87.99840   -82.87648   -77.06673   -33.61339   -25.25089   -22.93555
   -19.71111   -19.41389   -18.27823   -18.07564   -17.84219   -17.22129
   -16.34720   -14.60362   -14.57660   -14.31646   -14.21593   -14.01264
   -12.25801   -11.26510   -10.80006   -10.78360   -10.69883   -10.57763
   -10.56603   -10.56382   -10.55752   -10.55598   -10.54792   -10.51908
   -10.43087   -10.31909   -10.24722   -10.21230   -10.10665   -10.07000
   -10.04866    -9.97982    -9.92128    -9.57285    -8.84388    -8.32419
    -8.17717    -7.30783    -7.16651    -6.71933    -6.62992    -6.50239
    -6.43100    -5.76583    -1.45834    -1.43183    -1.37329    -1.23114
    -1.14847    -1.14311    -1.13950    -1.12068    -1.03346    -1.02243
    -1.02024    -0.96338    -0.93120    -0.92558    -0.92408    -0.89473
    -0.88554    -0.84165    -0.82075    -0.81951    -0.81379    -0.76836
    -0.76382    -0.76136    -0.75904    -0.74870    -0.74549    -0.73922
    -0.73556    -0.72639    -0.71923    -0.71547    -0.71014    -0.70123
    -0.70028    -0.69549    -0.68345    -0.66173    -0.64661    -0.64621
    -0.64594    -0.64405    -0.64240    -0.63466    -0.62954    -0.62506
    -0.62356    -0.61967    -0.61351    -0.60366    -0.60100    -0.60058
    -0.59866    -0.59435    -0.58909    -0.58587    -0.57763    -0.55271
    -0.55165    -0.54571    -0.54566    -0.53953    -0.53329    -0.53003
    -0.52654    -0.52530    -0.52509    -0.51951    -0.51874    -0.51278
    -0.50678    -0.50489    -0.49852    -0.49803    -0.48758    -0.47743
    -0.47402    -0.47202    -0.46974    -0.46657    -0.46631    -0.46520
    -0.46219    -0.45581    -0.45382    -0.45326    -0.44961    -0.44848
    -0.44634    -0.43521    -0.43400    -0.42829    -0.42663    -0.41600
    -0.39746    -0.37778    -0.36976    -0.34935    -0.34662    -0.34647
    -0.32678    -0.31150    -0.06858    -0.02294    -0.00540     0.00046
     0.01525     0.02211     0.06259     0.07770     0.08001     0.09614
 
  Peak memory usage:    747 Mb
  
  end of program scf
   
 Time(scf)  user:      443.0  user+sys:      446.0  wallclock:      490.4
  
  start of program sole
  
    SCRF                   solvation energy
  iteration          Hartrees            kcal/mol
     0               0.0000000            0.0000
     1              -0.0171975          -10.7916
     2              -0.0185970          -11.6698
  
  solvation energy not yet converged... 
  
  Peak memory usage:    623 Mb
  
  end of program sole
   
 Time(sole)  user:        0.0  user+sys:        0.0  wallclock:        0.2
  
  start of program ch
  
  gridpoints used for charge fit         8023
    out of a possible maximum of         8023
  
   Electrostatic potential fitting constrained to reproduce
     total charge:                yes
     dipole moment:               no 
     traceless quadrupole moment: no 
     traceless octapole moment:   no 
  
  Atomic charges from electrostatic potential: 
   
 Atom       C1           C2           C3           C4           H5      
 Charge   -0.05145     -0.19202     -0.26765      0.08287      0.17082
   
 Atom       H6           H7           H8           O9           P10     
 Charge    0.18104      0.14353      0.19455     -0.27820      1.05964
   
 Atom       O11          O12          N13          S14          O15     
 Charge   -0.35998     -0.70106     -0.61758      0.77534     -0.52037
   
 Atom       O16          C17          F18          F19          F20     
 Charge   -0.52525      0.42801     -0.13195     -0.13211     -0.11549
   
 Atom       H21          C22          N23          S24          O25     
 Charge    0.38204      0.14606     -0.48848      0.76628     -0.47453
   
 Atom       O26          C27          C28          N29          C30     
 Charge   -0.44284     -0.49775      0.54899     -0.65066      0.50536
   
 Atom       C31          C32          H33          H34          H35     
 Charge   -0.47446      0.21392      0.21396      0.00417      0.21402
   
 Atom       H36          C37          C38          C39          C40     
 Charge    0.11449     -0.07799     -0.16248     -0.09371      0.04915
   
 Atom       C41          C42          H43          H44          H45     
 Charge   -0.13083     -0.16036      0.13296      0.15293      0.13958
   
 Atom       H46          H47          H48          C49          C50     
 Charge    0.11463      0.14790      0.13835     -0.09062     -0.12637
   
 Atom       C51          C52          H53          H54          H55     
 Charge   -0.21410      0.02004      0.21369      0.16630      0.17379
   
 Atom       H56          N57          H58     
 Charge    0.13747     -0.12047      0.36689
  
  sum of atomic charges:     0.000000
   
 RMS Error   1.18E-03 hartrees
 
  Peak memory usage:    551 Mb
  
  end of program ch
   
 Time(ch)  user:        3.0  user+sys:        3.0  wallclock:        5.5
  
  start of program post
  
  Writing input files for PBF
  Peak memory usage:    524 Mb
  
  end of program post
   
 Time(post)  user:        0.0  user+sys:        0.0  wallclock:        0.2

  start of program pbf

Pbf Version 4.00

Molecular surface area:      425.33483   [A2]
Reaction field energy:       -21.04716   [kT]
  Peak memory usage: 512 Mb

  end of program pbf

 Time(pbf)  user:        1.7  user+sys:        1.8  wallclock:        1.8
  
  start of program solv
  
   number of surface charges from PBF    5718
   sum of surface charges      0.00004
   
  nuclear repulsion energy.......    5560.594157437 hartrees
  Peak memory usage:    652 Mb
  
  end of program solv
   
 Time(solv)  user:        5.0  user+sys:        5.0  wallclock:        8.2
  
  start of program scf
  
  
       i  u  d  i  g                   
       t  p  i  c  r                                 RMS    maximum
       e  d  i  u  i                       energy  density   DIIS  
       r  t  s  t  d       total energy    change  change    error 
  
etot    1  N  N  1  U   -2994.14325678294           1.6E-05  2.4E-04
etot    2  N  N  1  U   -2994.14323291039 -2.4E-05  0.0E+00  0.0E+00
  
  
 Energy components, in hartrees:
   (A)  Total zero-electron terms....    5562.78875948447
   (B)    Nuclear-nuclear............    5560.59415743737
   (C)    Nuclear-solvent............       2.19460204710
   (E)  Total one-electron terms.....  -15193.88304012329
   (F)    Electron-nuclear...........  -18166.09765652817
   (G)    Electron-solvent...........      -2.23578355601
   (H)    Kinetic....................    2974.45039996090
   (I)  Total two-electron terms.....    6636.95104772844
   (J)    Coulomb....................    6951.54828727171
   (K)    Exchange+Correlation.......    -314.59723954327
   (L)  Electronic energy............   -8556.93199239485  (E+I)
   (N)  Total quantum mech. energy...   -2994.14323291039  (A+L)
   (O)  Gas phase energy.............   -2994.10367464788
   (P)  Solution phase energy........   -2994.12264215593  (Q+R+S)
   (Q)    Total solute energy........   -2994.10205140147  (N-C-G)
   (R)    Total solvent energy.......      -0.02059075446  (C/2+G/2)
   (S)    Solute cavity energy.......       0.00000000000
   (U)  Reorganization energy........       0.00162324641  (Q-O)
   (V)  Solvation energy.............      -0.01896750805  (P-O)
  
 SCFE:  Solution phase energy: DFT(m06-2x)      -2994.12264215593 hartrees
        SCF iterations:   2
  
 
 HOMO energy:    -0.28317
 LUMO energy:    -0.06946
 
  Orbital energies (hartrees): 
   -90.18476   -90.17088   -78.22270   -25.30491   -25.30447   -25.30274
   -19.69106   -19.68431   -19.66264   -19.66237   -19.64879   -19.64567
   -19.61815   -14.83030   -14.82808   -14.79853   -14.75367   -10.82153
   -10.66647   -10.64039   -10.62721   -10.62670   -10.61190   -10.61129
   -10.61076   -10.59273   -10.59239   -10.59054   -10.58542   -10.58296
   -10.57266   -10.57077   -10.56545   -10.56305   -10.56233   -10.56195
   -10.56101   -10.55041    -8.49471    -8.47965    -7.00108    -6.41704
    -6.41613    -6.41504    -6.40165    -6.40110    -6.40087    -5.11957
    -5.11837    -5.11725    -1.47079    -1.37994    -1.37937    -1.25808
    -1.23637    -1.21456    -1.16927    -1.14672    -1.12173    -1.11999
    -1.09975    -1.08997    -1.07200    -1.00394    -0.97286    -0.92919
    -0.91809    -0.90760    -0.90205    -0.88295    -0.85308    -0.84953
    -0.84663    -0.82047    -0.80817    -0.77709    -0.76471    -0.74330
    -0.73610    -0.71932    -0.69794    -0.69715    -0.69558    -0.69552
    -0.68949    -0.67779    -0.67484    -0.66835    -0.65878    -0.65107
    -0.62342    -0.61914    -0.61432    -0.60477    -0.58396    -0.58120
    -0.57816    -0.57634    -0.57441    -0.57008    -0.57007    -0.55538
    -0.54827    -0.54605    -0.54291    -0.54078    -0.53926    -0.53448
    -0.53266    -0.53212    -0.52402    -0.52095    -0.51554    -0.51333
    -0.51076    -0.50234    -0.49686    -0.49423    -0.49277    -0.48803
    -0.48434    -0.47994    -0.47668    -0.46640    -0.46462    -0.44952
    -0.44664    -0.43828    -0.42935    -0.42722    -0.42526    -0.41901
    -0.41580    -0.41096    -0.40383    -0.40234    -0.40114    -0.39911
    -0.39225    -0.38456    -0.37543    -0.36843    -0.35296    -0.34830
    -0.34506    -0.34184    -0.33184    -0.32436    -0.31791    -0.31512
    -0.29583    -0.28317    -0.06946    -0.02393    -0.00581     0.00025
     0.01464     0.02155     0.06246     0.07585     0.08058     0.09519
 
  Peak memory usage:    747 Mb
  
  end of program scf
   
 Time(scf)  user:      445.0  user+sys:      448.0  wallclock:      535.5
  
  start of program sole
  
    SCRF                   solvation energy
  iteration          Hartrees            kcal/mol
     0               0.0000000            0.0000
     1              -0.0171975          -10.7916
     2              -0.0185970          -11.6698
     3              -0.0189675          -11.9023
  
  solvation energy not yet converged... 
  
  Peak memory usage:    623 Mb
  
  end of program sole
   
 Time(sole)  user:        0.0  user+sys:        0.0  wallclock:        0.3
  
  start of program ch
  
  gridpoints used for charge fit         8023
    out of a possible maximum of         8023
  
   Electrostatic potential fitting constrained to reproduce
     total charge:                yes
     dipole moment:               no 
     traceless quadrupole moment: no 
     traceless octapole moment:   no 
  
  Atomic charges from electrostatic potential: 
   
 Atom       C1           C2           C3           C4           H5      
 Charge   -0.05131     -0.19297     -0.26873      0.08398      0.17116
   
 Atom       H6           H7           H8           O9           P10     
 Charge    0.18121      0.14320      0.19494     -0.27865      1.06152
   
 Atom       O11          O12          N13          S14          O15     
 Charge   -0.36047     -0.70214     -0.61905      0.77696     -0.52140
   
 Atom       O16          C17          F18          F19          F20     
 Charge   -0.52433      0.42743     -0.13216     -0.13260     -0.11526
   
 Atom       H21          C22          N23          S24          O25     
 Charge    0.38334      0.15285     -0.48670      0.77073     -0.48000
   
 Atom       O26          C27          C28          N29          C30     
 Charge   -0.44366     -0.50047      0.55021     -0.64629      0.50762
   
 Atom       C31          C32          H33          H34          H35     
 Charge   -0.47629      0.20978      0.21450      0.00348      0.21398
   
 Atom       H36          C37          C38          C39          C40     
 Charge    0.11543     -0.07994     -0.16323     -0.08875      0.05047
   
 Atom       C41          C42          H43          H44          H45     
 Charge   -0.13153     -0.16382      0.13328      0.15277      0.13852
   
 Atom       H46          H47          H48          C49          C50     
 Charge    0.11411      0.14844      0.13657     -0.09756     -0.12903
   
 Atom       C51          C52          H53          H54          H55     
 Charge   -0.21577      0.02079      0.21505      0.16723      0.17427
   
 Atom       H56          N57          H58     
 Charge    0.13785     -0.11761      0.36804
  
  sum of atomic charges:     0.000000
   
 RMS Error   1.18E-03 hartrees
 
  Peak memory usage:    551 Mb
  
  end of program ch
   
 Time(ch)  user:        3.0  user+sys:        3.0  wallclock:        5.3
  
  start of program post
  
  Writing input files for PBF
  Peak memory usage:    524 Mb
  
  end of program post
   
 Time(post)  user:        0.0  user+sys:        0.0  wallclock:        0.3

  start of program pbf

Pbf Version 4.00

Molecular surface area:      425.33483   [A2]
Reaction field energy:       -20.82156   [kT]
  Peak memory usage: 512 Mb

  end of program pbf

 Time(pbf)  user:        1.8  user+sys:        1.8  wallclock:        2.5
  
  start of program solv
  
   number of surface charges from PBF    5718
   sum of surface charges      0.00005
   
  nuclear repulsion energy.......    5560.594157437 hartrees
  Peak memory usage:    652 Mb
  
  end of program solv
   
 Time(solv)  user:        5.0  user+sys:        5.0  wallclock:       10.5
  
  start of program scf
  
  
       i  u  d  i  g                   
       t  p  i  c  r                                 RMS    maximum
       e  d  i  u  i                       energy  density   DIIS  
       r  t  s  t  d       total energy    change  change    error 
  
etot    1  N  N  1  U   -2994.14302417834           2.4E-05  4.0E-04
etot    2  N  Y  1  U   -2994.14295475105 -6.9E-05  1.6E-05  7.0E-04
etot    3  N  Y  1  U   -2994.14305778128  1.0E-04  4.4E-07  1.7E-05
etot    4  N  N  1  U   -2994.14305782335  4.2E-08  0.0E+00  0.0E+00
  
  
 Energy components, in hartrees:
   (A)  Total zero-electron terms....    5562.75797368570
   (B)    Nuclear-nuclear............    5560.59415743737
   (C)    Nuclear-solvent............       2.16381624834
   (E)  Total one-electron terms.....  -15193.97064520594
   (F)    Electron-nuclear...........  -18166.22382447760
   (G)    Electron-solvent...........      -2.20491473455
   (H)    Kinetic....................    2974.45809400621
   (I)  Total two-electron terms.....    6637.06961369688
   (J)    Coulomb....................    6951.66748818736
   (K)    Exchange+Correlation.......    -314.59787449048
   (L)  Electronic energy............   -8556.90103150905  (E+I)
   (N)  Total quantum mech. energy...   -2994.14305782335  (A+L)
   (O)  Gas phase energy.............   -2994.10367464788
   (P)  Solution phase energy........   -2994.12250858025  (Q+R+S)
   (Q)    Total solute energy........   -2994.10195933714  (N-C-G)
   (R)    Total solvent energy.......      -0.02054924310  (C/2+G/2)
   (S)    Solute cavity energy.......       0.00000000000
   (U)  Reorganization energy........       0.00171531074  (Q-O)
   (V)  Solvation energy.............      -0.01883393237  (P-O)
  
 SCFE:  Solution phase energy: DFT(m06-2x)      -2994.12250858025 hartrees
        SCF iterations:   4
  
 
 HOMO energy:    -0.28305
 LUMO energy:    -0.06891
 
  Orbital energies (hartrees): 
   -90.18279   -90.16996   -78.22233   -25.30455   -25.30413   -25.30245
   -19.69087   -19.68398   -19.66572   -19.66091   -19.64609   -19.64511
   -19.61772   -14.82893   -14.82354   -14.79483   -14.75383   -10.82113
   -10.66335   -10.63836   -10.62892   -10.62718   -10.61159   -10.61017
   -10.60991   -10.59443   -10.59321   -10.59127   -10.58406   -10.58304
   -10.57482   -10.57122   -10.56431   -10.56352   -10.56337   -10.56212
   -10.56060   -10.55042    -8.49286    -8.47874    -7.00073    -6.41519
    -6.41428    -6.41318    -6.40074    -6.40018    -6.39996    -5.11922
    -5.11802    -5.11690    -1.47040    -1.37966    -1.37886    -1.25731
    -1.23530    -1.21427    -1.16905    -1.14633    -1.12155    -1.11880
    -1.09938    -1.08833    -1.06947    -1.00348    -0.97233    -0.92943
    -0.91804    -0.90796    -0.90136    -0.88224    -0.85282    -0.84960
    -0.84615    -0.82034    -0.80725    -0.77669    -0.76382    -0.74292
    -0.73571    -0.71838    -0.69794    -0.69674    -0.69519    -0.69513
    -0.68874    -0.67793    -0.67447    -0.66812    -0.65834    -0.65064
    -0.62296    -0.61857    -0.61370    -0.60417    -0.58346    -0.58098
    -0.57780    -0.57602    -0.57415    -0.56972    -0.56957    -0.55466
    -0.54774    -0.54556    -0.54256    -0.54067    -0.53884    -0.53403
    -0.53225    -0.53167    -0.52382    -0.52058    -0.51523    -0.51306
    -0.51032    -0.50159    -0.49651    -0.49437    -0.49255    -0.48745
    -0.48409    -0.48057    -0.47665    -0.46646    -0.46451    -0.44904
    -0.44616    -0.43775    -0.42853    -0.42687    -0.42485    -0.41895
    -0.41541    -0.41036    -0.40309    -0.40189    -0.40069    -0.39824
    -0.39130    -0.38394    -0.37453    -0.36816    -0.35231    -0.34713
    -0.34462    -0.34211    -0.33135    -0.32336    -0.31784    -0.31489
    -0.29533    -0.28305    -0.06891    -0.02332    -0.00555     0.00038
     0.01499     0.02186     0.06258     0.07712     0.08007     0.09572
 
  Peak memory usage:    747 Mb
  
  end of program scf
   
 Time(scf)  user:     1326.0  user+sys:     1338.0  wallclock:     1981.9
  
  start of program sole
  
    SCRF                   solvation energy
  iteration          Hartrees            kcal/mol
     0               0.0000000            0.0000
     1              -0.0171975          -10.7916
     2              -0.0185970          -11.6698
     3              -0.0189675          -11.9023
     4              -0.0188339          -11.8185
  
  stopping: solvation energy converged
  
  iterations:   4    sfinal:    -11.8185 kcal/mol
  
  Peak memory usage:    623 Mb
  
  end of program sole
   
 Time(sole)  user:        0.0  user+sys:        0.0  wallclock:        0.2
  
  start of program post
  
  Writing input files for PBF
  Peak memory usage:    524 Mb
  
  end of program post
   
 Time(post)  user:        0.0  user+sys:        0.0  wallclock:        0.3

 Total cpu seconds     user:    8339.000   user+sys:    8397.000
  
 Total elapsed time:    16304 seconds

Job ModelCatalyst-10Sulfonyl-3-TS-fine-grid-uf-acc-sol_1 completed on tethys at Mon Jan 30 16:06:07 2017
