[running at reduced cpu priority]
Job ModelCatalyst-10Sulfonyl-5-scan-TS-fine-grid-uf-acc-sol started on tethys at Tue Feb  7 14:15:37 2017
jobid: tethys-0-5899d688 
Jaguar version 8.4, release  16
Molecular Point Group: C1      
Point Group used: C1
pre (input checking) done.
onee (1-electron integrals) done.
hfig (HF initial guess) done.
probe (project orbitals) done.
grid (grid generation) done.
rwr (Q operators) done.
scf type: DFT=M06-2X
  
       i  u  d  i  g
       t  p  i  c  r                                 RMS    maximum
       e  d  i  u  i                       energy  density   DIIS  
       r  t  s  t  d       total energy    change  change    error 
  
etot    1  N  N  1  U   -2987.76335659447           4.7E-03  1.5E-01
etot    2  N  Y  1  U   -2990.72853593739  3.0E+00  4.7E-03  9.6E-02
etot    3  N  Y  1  U   -2991.11362916026  3.9E-01  3.6E-03  1.3E-01
etot    4  N  Y  1  U   -2993.93728273031  2.8E+00  9.0E-04  3.6E-02
etot    5  N  Y  1  U   -2994.05032074038  1.1E-01  4.2E-04  1.3E-02
etot    6  N  Y  1  U   -2994.09871280177  4.8E-02  1.4E-04  3.6E-03
etot    7  N  Y  1  U   -2994.10287871584  4.2E-03  4.9E-05  1.6E-03
etot    8  N  Y  1  U   -2994.10359596134  7.2E-04  1.8E-05  6.3E-04
etot    9  N  Y  1  U   -2994.10365505176  5.9E-05  7.2E-06  5.0E-04
etot   10  N  N  1  U   -2994.10367207666  1.7E-05  0.0E+00  0.0E+00
scf (DFT) done.
--------gas phase calculation complete----------------------
ch (properties) done.
post (output conversion) done.
pbf (Poisson-Boltzmann solver) done.
solv (solvation checking) done.
  
       i  u  d  i  g
       t  p  i  c  r                                 RMS    maximum
       e  d  i  u  i                       energy  density   DIIS  
       r  t  s  t  d       total energy    change  change    error 
  
etot    1  N  N  1  U   -2994.13940693452           1.3E-04  1.9E-03
etot    2  N  Y  1  U   -2994.14036097779  9.5E-04  4.1E-05  1.6E-03
etot    3  N  Y  1  U   -2994.14062278242  2.6E-04  1.3E-05  6.6E-04
etot    4  N  Y  1  U   -2994.14067959843  5.7E-05  5.6E-06  1.4E-04
etot    5  N  N  1  U   -2994.14068325186  3.7E-06  0.0E+00  0.0E+00
scf (DFT) done.
sole (solvation energy) done.
----------solvation iteration  1 complete------------------
ch (properties) done.
post (output conversion) done.
pbf (Poisson-Boltzmann solver) done.
solv (solvation checking) done.
  
       i  u  d  i  g
       t  p  i  c  r                                 RMS    maximum
       e  d  i  u  i                       energy  density   DIIS  
       r  t  s  t  d       total energy    change  change    error 
  
etot    1  N  N  1  U   -2994.14376764521           1.6E-05  3.0E-04
etot    2  N  N  1  U   -2994.14377503425  7.4E-06  0.0E+00  0.0E+00
scf (DFT) done.
sole (solvation energy) done.
----------solvation iteration  2 complete------------------
ch (properties) done.
post (output conversion) done.
pbf (Poisson-Boltzmann solver) done.
solv (solvation checking) done.
  
       i  u  d  i  g
       t  p  i  c  r                                 RMS    maximum
       e  d  i  u  i                       energy  density   DIIS  
       r  t  s  t  d       total energy    change  change    error 
  
etot    1  N  N  1  U   -2994.14420044852           1.4E-05  2.5E-04
etot    2  N  N  1  U   -2994.14418188262 -1.9E-05  0.0E+00  0.0E+00
scf (DFT) done.
sole (solvation energy) done.
----------solvation iteration  3 complete------------------
ch (properties) done.
post (output conversion) done.
pbf (Poisson-Boltzmann solver) done.
solv (solvation checking) done.
  
       i  u  d  i  g
       t  p  i  c  r                                 RMS    maximum
       e  d  i  u  i                       energy  density   DIIS  
       r  t  s  t  d       total energy    change  change    error 
  
etot    1  N  N  1  U   -2994.14405795159           2.1E-05  4.0E-04
etot    2  N  Y  1  U   -2994.14400503682 -5.3E-05  1.4E-05  6.6E-04
etot    3  N  Y  1  U   -2994.14408502684  8.0E-05  5.5E-07  1.8E-05
etot    4  N  N  1  U   -2994.14408512068  9.4E-08  0.0E+00  0.0E+00
scf (DFT) done.
sole (solvation energy) done.
----final solvation iteration  4 complete------------------
post (output conversion) done.
Job ModelCatalyst-10Sulfonyl-5-scan-TS-fine-grid-uf-acc-sol completed on tethys at Tue Feb  7 17:10:31 2017
